{"meta": {"format": 3, "version": "7.15.0", "timestamp": "2026-07-12T01:51:41.100666", "branch_coverage": false, "show_contexts": false}, "files": {"src/wc2026/__init__.py": {"executed_lines": [2, 3, 4, 5], "summary": {"covered_lines": 4, "num_statements": 4, "percent_covered": 100.0, "percent_covered_display": "100", "missing_lines": 0, "excluded_lines": 0, "percent_statements_covered": 100.0, "percent_statements_covered_display": "100"}, "missing_lines": [], "excluded_lines": [], "functions": {"": {"executed_lines": [2, 3, 4, 5], "summary": {"covered_lines": 4, "num_statements": 4, "percent_covered": 100.0, "percent_covered_display": "100", "missing_lines": 0, "excluded_lines": 0, "percent_statements_covered": 100.0, "percent_statements_covered_display": "100"}, "missing_lines": [], "excluded_lines": [], "start_line": 1}}, "classes": {"": {"executed_lines": [2, 3, 4, 5], "summary": {"covered_lines": 4, "num_statements": 4, "percent_covered": 100.0, "percent_covered_display": "100", "missing_lines": 0, "excluded_lines": 0, "percent_statements_covered": 100.0, "percent_statements_covered_display": "100"}, "missing_lines": [], "excluded_lines": [], "start_line": 1}}}, "src/wc2026/backtest/__init__.py": {"executed_lines": [1, 3], "summary": {"covered_lines": 2, "num_statements": 2, "percent_covered": 100.0, "percent_covered_display": "100", "missing_lines": 0, "excluded_lines": 0, "percent_statements_covered": 100.0, "percent_statements_covered_display": "100"}, "missing_lines": [], "excluded_lines": [], "functions": {"": {"executed_lines": [1, 3], "summary": {"covered_lines": 2, "num_statements": 2, "percent_covered": 100.0, "percent_covered_display": "100", "missing_lines": 0, "excluded_lines": 0, "percent_statements_covered": 100.0, "percent_statements_covered_display": "100"}, "missing_lines": [], "excluded_lines": [], "start_line": 1}}, "classes": {"": {"executed_lines": [1, 3], "summary": {"covered_lines": 2, "num_statements": 2, "percent_covered": 100.0, "percent_covered_display": "100", "missing_lines": 0, "excluded_lines": 0, "percent_statements_covered": 100.0, "percent_statements_covered_display": "100"}, "missing_lines": [], "excluded_lines": [], "start_line": 1}}}, "src/wc2026/backtest/walkforward.py": {"executed_lines": [26, 28, 29, 30, 31, 32, 33, 34, 35, 37, 38, 40, 41, 42, 43, 49, 54, 56, 58, 59, 62, 63, 66, 67, 68, 69, 70, 71, 72, 73, 75, 87, 111, 122, 123, 124, 125, 126, 127, 128, 129, 131, 146, 147, 151, 153, 154, 157, 164, 169, 172, 173, 174, 175, 178, 179, 181, 182, 184, 188, 189, 190, 191, 192, 193, 196, 197, 198, 204, 205, 206, 211, 213, 214, 216, 219, 228, 229, 236, 237, 243, 247, 248, 249, 254, 258, 259, 260, 264, 268, 269, 270, 276, 281, 282, 284, 285, 287, 288, 290, 293, 294, 295, 296, 297, 300, 301, 302, 303, 305, 306, 308, 318, 321, 328, 329, 336, 342, 343, 348, 349, 355, 383, 384, 387, 388, 389, 390, 392, 393, 394, 403], "summary": {"covered_lines": 132, "num_statements": 150, "percent_covered": 88.0, "percent_covered_display": "88", "missing_lines": 18, "excluded_lines": 0, "percent_statements_covered": 88.0, "percent_statements_covered_display": "88"}, "missing_lines": [76, 149, 185, 186, 207, 208, 209, 215, 232, 233, 286, 322, 323, 324, 325, 326, 385, 386], "excluded_lines": [], "functions": {"WalkForwardResult.to_dict": {"executed_lines": [], "summary": {"covered_lines": 0, "num_statements": 1, "percent_covered": 0.0, "percent_covered_display": "0", "missing_lines": 1, "excluded_lines": 0, "percent_statements_covered": 0.0, "percent_statements_covered_display": "0"}, "missing_lines": [76], "excluded_lines": [], "start_line": 75}, "WalkForwardEngine.__init__": {"executed_lines": [122, 123, 124, 125, 126, 127, 128, 129], "summary": {"covered_lines": 8, "num_statements": 8, "percent_covered": 100.0, "percent_covered_display": "100", "missing_lines": 0, "excluded_lines": 0, "percent_statements_covered": 100.0, "percent_statements_covered_display": "100"}, "missing_lines": [], "excluded_lines": [], "start_line": 111}, "WalkForwardEngine.run": {"executed_lines": [146, 147, 151, 153, 154, 157, 164, 169, 172, 173, 174, 175, 178, 179, 181, 182, 184, 188, 189, 190, 191, 192, 193, 196, 197, 198, 204, 205, 206, 211, 213, 214, 216, 219, 228, 229, 236, 237, 243, 247, 248, 249, 254, 258, 259, 260, 264, 268, 269, 270, 276, 281, 282, 284, 285, 287, 288, 290, 293, 294, 295, 296, 297, 300, 301, 302, 303, 305, 306, 308, 318, 321, 328, 329], "summary": {"covered_lines": 74, "num_statements": 89, "percent_covered": 83.14606741573034, "percent_covered_display": "83", "missing_lines": 15, "excluded_lines": 0, "percent_statements_covered": 83.14606741573034, "percent_statements_covered_display": "83"}, "missing_lines": [149, 185, 186, 207, 208, 209, 215, 232, 233, 286, 322, 323, 324, 325, 326], "excluded_lines": [], "start_line": 131}, "_prediction_to_row": {"executed_lines": [342, 343, 348, 349, 355], "summary": {"covered_lines": 5, "num_statements": 5, "percent_covered": 100.0, "percent_covered_display": "100", "missing_lines": 0, "excluded_lines": 0, "percent_statements_covered": 100.0, "percent_statements_covered_display": "100"}, "missing_lines": [], "excluded_lines": [], "start_line": 336}, "_log_summary": {"executed_lines": [384, 387, 388, 389, 390, 392, 393, 394, 403], "summary": {"covered_lines": 9, "num_statements": 11, "percent_covered": 81.81818181818181, "percent_covered_display": "82", "missing_lines": 2, "excluded_lines": 0, "percent_statements_covered": 81.81818181818181, "percent_statements_covered_display": "82"}, "missing_lines": [385, 386], "excluded_lines": [], "start_line": 383}, "": {"executed_lines": [26, 28, 29, 30, 31, 32, 33, 34, 35, 37, 38, 40, 41, 42, 43, 49, 54, 56, 58, 59, 62, 63, 66, 67, 68, 69, 70, 71, 72, 73, 75, 87, 111, 131, 336, 383], "summary": {"covered_lines": 36, "num_statements": 36, "percent_covered": 100.0, "percent_covered_display": "100", "missing_lines": 0, "excluded_lines": 0, "percent_statements_covered": 100.0, "percent_statements_covered_display": "100"}, "missing_lines": [], "excluded_lines": [], "start_line": 1}}, "classes": {"WalkForwardResult": {"executed_lines": [], "summary": {"covered_lines": 0, "num_statements": 1, "percent_covered": 0.0, "percent_covered_display": "0", "missing_lines": 1, "excluded_lines": 0, "percent_statements_covered": 0.0, "percent_statements_covered_display": "0"}, "missing_lines": [76], "excluded_lines": [], "start_line": 63}, "WalkForwardEngine": {"executed_lines": [122, 123, 124, 125, 126, 127, 128, 129, 146, 147, 151, 153, 154, 157, 164, 169, 172, 173, 174, 175, 178, 179, 181, 182, 184, 188, 189, 190, 191, 192, 193, 196, 197, 198, 204, 205, 206, 211, 213, 214, 216, 219, 228, 229, 236, 237, 243, 247, 248, 249, 254, 258, 259, 260, 264, 268, 269, 270, 276, 281, 282, 284, 285, 287, 288, 290, 293, 294, 295, 296, 297, 300, 301, 302, 303, 305, 306, 308, 318, 321, 328, 329], "summary": {"covered_lines": 82, "num_statements": 97, "percent_covered": 84.5360824742268, "percent_covered_display": "85", "missing_lines": 15, "excluded_lines": 0, "percent_statements_covered": 84.5360824742268, "percent_statements_covered_display": "85"}, "missing_lines": [149, 185, 186, 207, 208, 209, 215, 232, 233, 286, 322, 323, 324, 325, 326], "excluded_lines": [], "start_line": 87}, "": {"executed_lines": [26, 28, 29, 30, 31, 32, 33, 34, 35, 37, 38, 40, 41, 42, 43, 49, 54, 56, 58, 59, 62, 63, 66, 67, 68, 69, 70, 71, 72, 73, 75, 87, 111, 131, 336, 342, 343, 348, 349, 355, 383, 384, 387, 388, 389, 390, 392, 393, 394, 403], "summary": {"covered_lines": 50, "num_statements": 52, "percent_covered": 96.15384615384616, "percent_covered_display": "96", "missing_lines": 2, "excluded_lines": 0, "percent_statements_covered": 96.15384615384616, "percent_statements_covered_display": "96"}, "missing_lines": [385, 386], "excluded_lines": [], "start_line": 1}}}, "src/wc2026/calibration/__init__.py": {"executed_lines": [1, 3], "summary": {"covered_lines": 2, "num_statements": 2, "percent_covered": 100.0, "percent_covered_display": "100", "missing_lines": 0, "excluded_lines": 0, "percent_statements_covered": 100.0, "percent_statements_covered_display": "100"}, "missing_lines": [], "excluded_lines": [], "functions": {"": {"executed_lines": [1, 3], "summary": {"covered_lines": 2, "num_statements": 2, "percent_covered": 100.0, "percent_covered_display": "100", "missing_lines": 0, "excluded_lines": 0, "percent_statements_covered": 100.0, "percent_statements_covered_display": "100"}, "missing_lines": [], "excluded_lines": [], "start_line": 1}}, "classes": {"": {"executed_lines": [1, 3], "summary": {"covered_lines": 2, "num_statements": 2, "percent_covered": 100.0, "percent_covered_display": "100", "missing_lines": 0, "excluded_lines": 0, "percent_statements_covered": 100.0, "percent_statements_covered_display": "100"}, "missing_lines": [], "excluded_lines": [], "start_line": 1}}}, "src/wc2026/calibration/score_pmf.py": {"executed_lines": [22, 24, 25, 26, 28, 29, 30, 31, 32, 34, 35, 37, 38, 41, 42, 49, 50, 53, 56, 57, 58, 61, 62, 63, 66, 69, 71, 86, 95, 104, 105, 106, 107, 109, 122, 124, 125, 126, 127, 128, 130, 131, 133, 134, 135, 136, 137, 140, 141, 146, 147, 151, 152, 153, 154, 156, 158, 159, 160, 161, 178, 180, 181, 182, 185, 197, 200, 201, 203, 204, 207, 208, 209, 210, 211, 214, 218, 219, 221, 227, 230, 231, 239, 240, 246, 247, 248, 253, 256, 257, 258, 259, 260, 261, 262, 263, 268, 270, 277, 279, 280, 281, 282, 283, 284, 285, 288, 293, 294, 295, 296, 297, 298, 301, 302, 305, 311, 312, 313, 314, 315, 316, 317, 318, 319, 320, 321], "summary": {"covered_lines": 127, "num_statements": 146, "percent_covered": 86.98630136986301, "percent_covered_display": "87", "missing_lines": 19, "excluded_lines": 0, "percent_statements_covered": 86.98630136986301, "percent_statements_covered_display": "87"}, "missing_lines": [72, 87, 123, 148, 149, 198, 232, 233, 234, 235, 236, 241, 242, 243, 249, 250, 264, 265, 300], "excluded_lines": [], "functions": {"CalibrationMetrics.to_dict": {"executed_lines": [], "summary": {"covered_lines": 0, "num_statements": 1, "percent_covered": 0.0, "percent_covered_display": "0", "missing_lines": 1, "excluded_lines": 0, "percent_statements_covered": 0.0, "percent_statements_covered_display": "0"}, "missing_lines": [72], "excluded_lines": [], "start_line": 71}, "CalibrationMetrics.__repr__": {"executed_lines": [], "summary": {"covered_lines": 0, "num_statements": 1, "percent_covered": 0.0, "percent_covered_display": "0", "missing_lines": 1, "excluded_lines": 0, "percent_statements_covered": 0.0, "percent_statements_covered_display": "0"}, "missing_lines": [87], "excluded_lines": [], "start_line": 86}, "ScorePMFCalibrator.__init__": {"executed_lines": [105, 106, 107], "summary": {"covered_lines": 3, "num_statements": 3, "percent_covered": 100.0, "percent_covered_display": "100", "missing_lines": 0, "excluded_lines": 0, "percent_statements_covered": 100.0, "percent_statements_covered_display": "100"}, "missing_lines": [], "excluded_lines": [], "start_line": 104}, "ScorePMFCalibrator.fit": {"executed_lines": [122, 124, 125, 126, 127, 128, 130, 131, 133, 134, 135, 136, 137, 140, 141, 146, 147, 151, 152, 153, 154], "summary": {"covered_lines": 21, "num_statements": 24, "percent_covered": 87.5, "percent_covered_display": "88", "missing_lines": 3, "excluded_lines": 0, "percent_statements_covered": 87.5, "percent_statements_covered_display": "88"}, "missing_lines": [123, 148, 149], "excluded_lines": [], "start_line": 109}, "ScorePMFCalibrator.transform": {"executed_lines": [158, 159, 160, 161, 178], "summary": {"covered_lines": 5, "num_statements": 5, "percent_covered": 100.0, "percent_covered_display": "100", "missing_lines": 0, "excluded_lines": 0, "percent_statements_covered": 100.0, "percent_statements_covered_display": "100"}, "missing_lines": [], "excluded_lines": [], "start_line": 156}, "ScorePMFCalibrator.temperature": {"executed_lines": [182], "summary": {"covered_lines": 1, "num_statements": 1, "percent_covered": 100.0, "percent_covered_display": "100", "missing_lines": 0, "excluded_lines": 0, "percent_statements_covered": 100.0, "percent_statements_covered_display": "100"}, "missing_lines": [], "excluded_lines": [], "start_line": 181}, "evaluate_pmf_predictions": {"executed_lines": [197, 200, 201, 203, 204, 207, 208, 209, 210, 211, 214, 218, 219, 221, 227, 230, 231, 239, 240, 246, 247, 248, 253, 256, 257, 258, 259, 260, 261, 262, 263, 268, 270], "summary": {"covered_lines": 33, "num_statements": 46, "percent_covered": 71.73913043478261, "percent_covered_display": "72", "missing_lines": 13, "excluded_lines": 0, "percent_statements_covered": 71.73913043478261, "percent_statements_covered_display": "72"}, "missing_lines": [198, 232, 233, 234, 235, 236, 241, 242, 243, 249, 250, 264, 265], "excluded_lines": [], "start_line": 185}, "_apply_temperature": {"executed_lines": [279, 280, 281, 282, 283, 284, 285], "summary": {"covered_lines": 7, "num_statements": 7, "percent_covered": 100.0, "percent_covered_display": "100", "missing_lines": 0, "excluded_lines": 0, "percent_statements_covered": 100.0, "percent_statements_covered_display": "100"}, "missing_lines": [], "excluded_lines": [], "start_line": 277}, "_mean_exact_log_loss": {"executed_lines": [293, 294, 295, 296, 297, 298, 301, 302], "summary": {"covered_lines": 8, "num_statements": 9, "percent_covered": 88.88888888888889, "percent_covered_display": "89", "missing_lines": 1, "excluded_lines": 0, "percent_statements_covered": 88.88888888888889, "percent_statements_covered_display": "89"}, "missing_lines": [300], "excluded_lines": [], "start_line": 288}, "_compute_ece": {"executed_lines": [311, 312, 313, 314, 315, 316, 317, 318, 319, 320, 321], "summary": {"covered_lines": 11, "num_statements": 11, "percent_covered": 100.0, "percent_covered_display": "100", "missing_lines": 0, "excluded_lines": 0, "percent_statements_covered": 100.0, "percent_statements_covered_display": "100"}, "missing_lines": [], "excluded_lines": [], "start_line": 305}, "": {"executed_lines": [22, 24, 25, 26, 28, 29, 30, 31, 32, 34, 35, 37, 38, 41, 42, 49, 50, 53, 56, 57, 58, 61, 62, 63, 66, 69, 71, 86, 95, 104, 109, 156, 180, 181, 185, 277, 288, 305], "summary": {"covered_lines": 38, "num_statements": 38, "percent_covered": 100.0, "percent_covered_display": "100", "missing_lines": 0, "excluded_lines": 0, "percent_statements_covered": 100.0, "percent_statements_covered_display": "100"}, "missing_lines": [], "excluded_lines": [], "start_line": 1}}, "classes": {"CalibrationMetrics": {"executed_lines": [], "summary": {"covered_lines": 0, "num_statements": 2, "percent_covered": 0.0, "percent_covered_display": "0", "missing_lines": 2, "excluded_lines": 0, "percent_statements_covered": 0.0, "percent_statements_covered_display": "0"}, "missing_lines": [72, 87], "excluded_lines": [], "start_line": 42}, "ScorePMFCalibrator": {"executed_lines": [105, 106, 107, 122, 124, 125, 126, 127, 128, 130, 131, 133, 134, 135, 136, 137, 140, 141, 146, 147, 151, 152, 153, 154, 158, 159, 160, 161, 178, 182], "summary": {"covered_lines": 30, "num_statements": 33, "percent_covered": 90.9090909090909, "percent_covered_display": "91", "missing_lines": 3, "excluded_lines": 0, "percent_statements_covered": 90.9090909090909, "percent_statements_covered_display": "91"}, "missing_lines": [123, 148, 149], "excluded_lines": [], "start_line": 95}, "": {"executed_lines": [22, 24, 25, 26, 28, 29, 30, 31, 32, 34, 35, 37, 38, 41, 42, 49, 50, 53, 56, 57, 58, 61, 62, 63, 66, 69, 71, 86, 95, 104, 109, 156, 180, 181, 185, 197, 200, 201, 203, 204, 207, 208, 209, 210, 211, 214, 218, 219, 221, 227, 230, 231, 239, 240, 246, 247, 248, 253, 256, 257, 258, 259, 260, 261, 262, 263, 268, 270, 277, 279, 280, 281, 282, 283, 284, 285, 288, 293, 294, 295, 296, 297, 298, 301, 302, 305, 311, 312, 313, 314, 315, 316, 317, 318, 319, 320, 321], "summary": {"covered_lines": 97, "num_statements": 111, "percent_covered": 87.38738738738739, "percent_covered_display": "87", "missing_lines": 14, "excluded_lines": 0, "percent_statements_covered": 87.38738738738739, "percent_statements_covered_display": "87"}, "missing_lines": [198, 232, 233, 234, 235, 236, 241, 242, 243, 249, 250, 264, 265, 300], "excluded_lines": [], "start_line": 1}}}, "src/wc2026/cli.py": {"executed_lines": [], "summary": {"covered_lines": 0, "num_statements": 641, "percent_covered": 0.0, "percent_covered_display": "0", "missing_lines": 641, "excluded_lines": 0, "percent_statements_covered": 0.0, "percent_statements_covered_display": "0"}, "missing_lines": [17, 19, 20, 21, 22, 23, 25, 27, 28, 30, 33, 35, 36, 37, 38, 44, 47, 48, 49, 50, 52, 53, 54, 61, 62, 64, 65, 67, 68, 70, 71, 73, 76, 77, 79, 80, 85, 86, 88, 89, 90, 91, 92, 94, 95, 97, 98, 100, 101, 103, 104, 106, 107, 109, 112, 113, 114, 115, 116, 118, 119, 120, 121, 123, 124, 126, 127, 128, 130, 131, 132, 139, 140, 141, 142, 143, 145, 146, 147, 148, 149, 152, 153, 155, 156, 157, 158, 160, 161, 162, 164, 165, 166, 168, 169, 170, 176, 178, 179, 180, 181, 182, 183, 185, 186, 189, 190, 191, 192, 194, 195, 196, 197, 198, 205, 206, 207, 208, 209, 210, 211, 212, 213, 215, 216, 217, 218, 219, 220, 221, 222, 223, 225, 228, 229, 230, 231, 232, 233, 234, 236, 237, 238, 239, 241, 242, 243, 244, 245, 246, 247, 248, 249, 251, 252, 253, 254, 255, 256, 257, 258, 259, 261, 264, 265, 266, 267, 268, 270, 271, 272, 274, 275, 277, 278, 279, 286, 287, 288, 291, 292, 293, 294, 295, 297, 298, 299, 300, 301, 302, 303, 309, 310, 311, 312, 313, 315, 316, 317, 318, 321, 322, 323, 324, 325, 326, 327, 328, 329, 330, 331, 332, 334, 340, 341, 342, 343, 355, 356, 357, 358, 364, 365, 367, 368, 369, 376, 377, 378, 379, 381, 382, 383, 384, 385, 387, 389, 390, 391, 393, 394, 395, 396, 398, 399, 401, 402, 403, 405, 406, 407, 408, 410, 411, 412, 413, 416, 417, 418, 419, 420, 421, 422, 424, 425, 426, 427, 428, 429, 431, 432, 434, 435, 436, 437, 439, 440, 442, 444, 445, 446, 447, 450, 451, 452, 453, 456, 457, 458, 459, 460, 461, 463, 464, 465, 472, 473, 474, 475, 476, 478, 479, 480, 481, 483, 485, 486, 487, 488, 490, 491, 497, 498, 500, 501, 502, 503, 504, 505, 507, 508, 509, 512, 513, 514, 515, 516, 517, 518, 519, 520, 521, 523, 524, 525, 526, 527, 528, 529, 530, 531, 533, 534, 535, 537, 538, 539, 540, 543, 544, 545, 546, 549, 551, 558, 559, 560, 561, 562, 563, 564, 565, 567, 568, 569, 571, 572, 574, 575, 576, 577, 578, 579, 580, 586, 587, 588, 589, 590, 591, 592, 593, 595, 596, 598, 599, 600, 602, 603, 604, 605, 606, 607, 609, 611, 618, 619, 620, 621, 623, 624, 625, 626, 628, 630, 631, 632, 634, 635, 636, 637, 638, 639, 640, 641, 642, 643, 644, 645, 646, 647, 648, 649, 650, 651, 652, 654, 670, 671, 672, 673, 674, 683, 684, 685, 687, 688, 690, 691, 692, 693, 694, 695, 699, 700, 701, 703, 704, 705, 708, 714, 715, 716, 717, 718, 719, 720, 721, 722, 723, 724, 725, 726, 727, 728, 729, 735, 736, 737, 741, 742, 743, 744, 746, 748, 750, 757, 758, 759, 760, 762, 763, 764, 766, 768, 769, 770, 771, 773, 774, 775, 776, 778, 779, 780, 781, 782, 783, 784, 785, 787, 788, 789, 790, 792, 793, 796, 797, 798, 799, 800, 802, 804, 805, 806, 808, 809, 810, 812, 813, 814, 815, 816, 817, 818, 819, 820, 821, 822, 823, 824, 830, 831, 832, 839, 840, 841, 842, 844, 845, 847, 848, 850, 851, 852, 855, 856, 857, 858, 860, 861, 864, 865, 866, 867, 868, 869, 872, 873, 874, 876, 877, 880, 881, 882, 883, 884, 887, 888, 889, 890, 891, 892, 893, 894, 895, 896, 897, 898, 899, 900, 901, 902, 903, 904, 905, 906, 907, 909, 910, 911, 912, 913, 914, 917, 918, 919, 920, 921, 922, 923, 924, 926, 927, 930, 931, 932, 933, 934, 935, 936, 938, 939, 942, 943, 944, 945, 946, 947, 948, 949, 950, 951, 952, 953, 956, 957, 958, 959, 960, 961, 962, 963, 964, 965, 966, 968, 971, 972, 975, 976], "excluded_lines": [], "functions": {"_setup_logging": {"executed_lines": [], "summary": {"covered_lines": 0, "num_statements": 5, "percent_covered": 0.0, "percent_covered_display": "0", "missing_lines": 5, "excluded_lines": 0, "percent_statements_covered": 0.0, "percent_statements_covered_display": "0"}, "missing_lines": [35, 36, 37, 38, 44], "excluded_lines": [], "start_line": 33}, "cli": {"executed_lines": [], "summary": {"covered_lines": 0, "num_statements": 3, "percent_covered": 0.0, "percent_covered_display": "0", "missing_lines": 3, "excluded_lines": 0, "percent_statements_covered": 0.0, "percent_statements_covered_display": "0"}, "missing_lines": [52, 53, 54], "excluded_lines": [], "start_line": 50}, "fetch_bdl": {"executed_lines": [], "summary": {"covered_lines": 0, "num_statements": 27, "percent_covered": 0.0, "percent_covered_display": "0", "missing_lines": 27, "excluded_lines": 0, "percent_statements_covered": 0.0, "percent_statements_covered_display": "0"}, "missing_lines": [67, 68, 70, 71, 73, 76, 77, 79, 80, 85, 86, 88, 89, 90, 91, 92, 94, 95, 97, 98, 100, 101, 103, 104, 106, 107, 109], "excluded_lines": [], "start_line": 65}, "build_dataset": {"executed_lines": [], "summary": {"covered_lines": 0, "num_statements": 12, "percent_covered": 0.0, "percent_covered_display": "0", "missing_lines": 12, "excluded_lines": 0, "percent_statements_covered": 0.0, "percent_statements_covered_display": "0"}, "missing_lines": [118, 119, 120, 121, 123, 124, 126, 127, 128, 130, 131, 132], "excluded_lines": [], "start_line": 116}, "train": {"executed_lines": [], "summary": {"covered_lines": 0, "num_statements": 5, "percent_covered": 0.0, "percent_covered_display": "0", "missing_lines": 5, "excluded_lines": 0, "percent_statements_covered": 0.0, "percent_statements_covered_display": "0"}, "missing_lines": [145, 146, 147, 148, 149], "excluded_lines": [], "start_line": 143}, "backtest": {"executed_lines": [], "summary": {"covered_lines": 0, "num_statements": 18, "percent_covered": 0.0, "percent_covered_display": "0", "missing_lines": 18, "excluded_lines": 0, "percent_statements_covered": 0.0, "percent_statements_covered_display": "0"}, "missing_lines": [160, 161, 162, 164, 165, 166, 168, 169, 170, 176, 178, 179, 180, 181, 182, 183, 185, 186], "excluded_lines": [], "start_line": 158}, "calibrate": {"executed_lines": [], "summary": {"covered_lines": 0, "num_statements": 5, "percent_covered": 0.0, "percent_covered_display": "0", "missing_lines": 5, "excluded_lines": 0, "percent_statements_covered": 0.0, "percent_statements_covered_display": "0"}, "missing_lines": [194, 195, 196, 197, 198], "excluded_lines": [], "start_line": 192}, "predict_match": {"executed_lines": [], "summary": {"covered_lines": 0, "num_statements": 10, "percent_covered": 0.0, "percent_covered_display": "0", "missing_lines": 10, "excluded_lines": 0, "percent_statements_covered": 0.0, "percent_statements_covered_display": "0"}, "missing_lines": [215, 216, 217, 218, 219, 220, 221, 222, 223, 225], "excluded_lines": [], "start_line": 213}, "predict_date": {"executed_lines": [], "summary": {"covered_lines": 0, "num_statements": 23, "percent_covered": 0.0, "percent_covered_display": "0", "missing_lines": 23, "excluded_lines": 0, "percent_statements_covered": 0.0, "percent_statements_covered_display": "0"}, "missing_lines": [236, 237, 238, 239, 241, 242, 243, 244, 245, 246, 247, 248, 249, 251, 252, 253, 254, 255, 256, 257, 258, 259, 261], "excluded_lines": [], "start_line": 234}, "predict_all_scheduled": {"executed_lines": [], "summary": {"covered_lines": 0, "num_statements": 11, "percent_covered": 0.0, "percent_covered_display": "0", "missing_lines": 11, "excluded_lines": 0, "percent_statements_covered": 0.0, "percent_statements_covered_display": "0"}, "missing_lines": [270, 271, 272, 274, 275, 277, 278, 279, 286, 287, 288], "excluded_lines": [], "start_line": 268}, "publish_today": {"executed_lines": [], "summary": {"covered_lines": 0, "num_statements": 42, "percent_covered": 0.0, "percent_covered_display": "0", "missing_lines": 42, "excluded_lines": 0, "percent_statements_covered": 0.0, "percent_statements_covered_display": "0"}, "missing_lines": [297, 298, 299, 300, 301, 302, 303, 309, 310, 311, 312, 313, 315, 316, 317, 318, 321, 322, 323, 324, 325, 326, 327, 328, 329, 330, 331, 332, 334, 340, 341, 342, 343, 355, 356, 357, 358, 364, 365, 367, 368, 369], "excluded_lines": [], "start_line": 295}, "schedule": {"executed_lines": [], "summary": {"covered_lines": 0, "num_statements": 65, "percent_covered": 0.0, "percent_covered_display": "0", "missing_lines": 65, "excluded_lines": 0, "percent_statements_covered": 0.0, "percent_statements_covered_display": "0"}, "missing_lines": [381, 382, 383, 384, 385, 387, 389, 390, 391, 393, 394, 395, 396, 398, 399, 401, 402, 403, 405, 406, 407, 408, 410, 411, 412, 413, 416, 417, 418, 419, 420, 421, 422, 424, 425, 426, 427, 428, 429, 431, 432, 434, 435, 436, 437, 439, 440, 442, 444, 445, 446, 447, 450, 451, 452, 453, 456, 457, 458, 459, 460, 461, 463, 464, 465], "excluded_lines": [], "start_line": 379}, "results": {"executed_lines": [], "summary": {"covered_lines": 0, "num_statements": 54, "percent_covered": 0.0, "percent_covered_display": "0", "missing_lines": 54, "excluded_lines": 0, "percent_statements_covered": 0.0, "percent_statements_covered_display": "0"}, "missing_lines": [478, 479, 480, 481, 483, 485, 486, 487, 488, 490, 491, 497, 498, 500, 501, 502, 503, 504, 505, 507, 508, 509, 512, 513, 514, 515, 516, 517, 518, 519, 520, 521, 523, 524, 525, 526, 527, 528, 529, 530, 531, 533, 534, 535, 537, 538, 539, 540, 543, 544, 545, 546, 549, 551], "excluded_lines": [], "start_line": 476}, "simulate": {"executed_lines": [], "summary": {"covered_lines": 0, "num_statements": 33, "percent_covered": 0.0, "percent_covered_display": "0", "missing_lines": 33, "excluded_lines": 0, "percent_statements_covered": 0.0, "percent_statements_covered_display": "0"}, "missing_lines": [567, 568, 569, 571, 572, 574, 575, 576, 577, 578, 579, 580, 586, 587, 588, 589, 590, 591, 592, 593, 595, 596, 598, 599, 600, 602, 603, 604, 605, 606, 607, 609, 611], "excluded_lines": [], "start_line": 565}, "calibration": {"executed_lines": [], "summary": {"covered_lines": 0, "num_statements": 69, "percent_covered": 0.0, "percent_covered_display": "0", "missing_lines": 69, "excluded_lines": 0, "percent_statements_covered": 0.0, "percent_statements_covered_display": "0"}, "missing_lines": [623, 624, 625, 626, 628, 630, 631, 632, 634, 635, 636, 637, 638, 639, 640, 641, 642, 643, 644, 645, 646, 647, 648, 649, 650, 651, 652, 654, 670, 671, 672, 673, 674, 683, 684, 685, 687, 688, 690, 703, 704, 705, 708, 714, 715, 716, 717, 718, 719, 720, 721, 722, 723, 724, 725, 726, 727, 728, 729, 735, 736, 737, 741, 742, 743, 744, 746, 748, 750], "excluded_lines": [], "start_line": 621}, "calibration._metrics": {"executed_lines": [], "summary": {"covered_lines": 0, "num_statements": 8, "percent_covered": 0.0, "percent_covered_display": "0", "missing_lines": 8, "excluded_lines": 0, "percent_statements_covered": 0.0, "percent_statements_covered_display": "0"}, "missing_lines": [691, 692, 693, 694, 695, 699, 700, 701], "excluded_lines": [], "start_line": 690}, "standings": {"executed_lines": [], "summary": {"covered_lines": 0, "num_statements": 54, "percent_covered": 0.0, "percent_covered_display": "0", "missing_lines": 54, "excluded_lines": 0, "percent_statements_covered": 0.0, "percent_statements_covered_display": "0"}, "missing_lines": [762, 763, 764, 766, 768, 769, 770, 771, 773, 774, 775, 776, 778, 779, 780, 781, 782, 783, 784, 785, 787, 788, 789, 790, 792, 793, 796, 797, 798, 799, 800, 802, 804, 805, 806, 808, 809, 810, 812, 813, 814, 815, 816, 817, 818, 819, 820, 821, 822, 823, 824, 830, 831, 832], "excluded_lines": [], "start_line": 760}, "audit": {"executed_lines": [], "summary": {"covered_lines": 0, "num_statements": 99, "percent_covered": 0.0, "percent_covered_display": "0", "missing_lines": 99, "excluded_lines": 0, "percent_statements_covered": 0.0, "percent_statements_covered_display": "0"}, "missing_lines": [844, 845, 847, 848, 850, 851, 852, 855, 856, 857, 858, 860, 861, 864, 865, 866, 867, 868, 869, 872, 873, 874, 876, 877, 880, 881, 882, 883, 884, 887, 888, 889, 890, 891, 892, 893, 894, 895, 896, 897, 898, 899, 900, 901, 902, 903, 904, 905, 906, 907, 909, 910, 911, 912, 913, 914, 917, 918, 919, 920, 921, 922, 923, 924, 926, 927, 930, 931, 932, 933, 934, 935, 936, 938, 939, 942, 943, 944, 945, 946, 947, 948, 949, 950, 951, 952, 953, 956, 957, 958, 959, 960, 961, 962, 963, 964, 965, 966, 968], "excluded_lines": [], "start_line": 842}, "main": {"executed_lines": [], "summary": {"covered_lines": 0, "num_statements": 1, "percent_covered": 0.0, "percent_covered_display": "0", "missing_lines": 1, "excluded_lines": 0, "percent_statements_covered": 0.0, "percent_statements_covered_display": "0"}, "missing_lines": [972], "excluded_lines": [], "start_line": 971}, "": {"executed_lines": [], "summary": {"covered_lines": 0, "num_statements": 97, "percent_covered": 0.0, "percent_covered_display": "0", "missing_lines": 97, "excluded_lines": 0, "percent_statements_covered": 0.0, "percent_statements_covered_display": "0"}, "missing_lines": [17, 19, 20, 21, 22, 23, 25, 27, 28, 30, 33, 47, 48, 49, 50, 61, 62, 64, 65, 112, 113, 114, 115, 116, 139, 140, 141, 142, 143, 152, 153, 155, 156, 157, 158, 189, 190, 191, 192, 205, 206, 207, 208, 209, 210, 211, 212, 213, 228, 229, 230, 231, 232, 233, 234, 264, 265, 266, 267, 268, 291, 292, 293, 294, 295, 376, 377, 378, 379, 472, 473, 474, 475, 476, 558, 559, 560, 561, 562, 563, 564, 565, 618, 619, 620, 621, 757, 758, 759, 760, 839, 840, 841, 842, 971, 975, 976], "excluded_lines": [], "start_line": 1}}, "classes": {"": {"executed_lines": [], "summary": {"covered_lines": 0, "num_statements": 641, "percent_covered": 0.0, "percent_covered_display": "0", "missing_lines": 641, "excluded_lines": 0, "percent_statements_covered": 0.0, "percent_statements_covered_display": "0"}, "missing_lines": [17, 19, 20, 21, 22, 23, 25, 27, 28, 30, 33, 35, 36, 37, 38, 44, 47, 48, 49, 50, 52, 53, 54, 61, 62, 64, 65, 67, 68, 70, 71, 73, 76, 77, 79, 80, 85, 86, 88, 89, 90, 91, 92, 94, 95, 97, 98, 100, 101, 103, 104, 106, 107, 109, 112, 113, 114, 115, 116, 118, 119, 120, 121, 123, 124, 126, 127, 128, 130, 131, 132, 139, 140, 141, 142, 143, 145, 146, 147, 148, 149, 152, 153, 155, 156, 157, 158, 160, 161, 162, 164, 165, 166, 168, 169, 170, 176, 178, 179, 180, 181, 182, 183, 185, 186, 189, 190, 191, 192, 194, 195, 196, 197, 198, 205, 206, 207, 208, 209, 210, 211, 212, 213, 215, 216, 217, 218, 219, 220, 221, 222, 223, 225, 228, 229, 230, 231, 232, 233, 234, 236, 237, 238, 239, 241, 242, 243, 244, 245, 246, 247, 248, 249, 251, 252, 253, 254, 255, 256, 257, 258, 259, 261, 264, 265, 266, 267, 268, 270, 271, 272, 274, 275, 277, 278, 279, 286, 287, 288, 291, 292, 293, 294, 295, 297, 298, 299, 300, 301, 302, 303, 309, 310, 311, 312, 313, 315, 316, 317, 318, 321, 322, 323, 324, 325, 326, 327, 328, 329, 330, 331, 332, 334, 340, 341, 342, 343, 355, 356, 357, 358, 364, 365, 367, 368, 369, 376, 377, 378, 379, 381, 382, 383, 384, 385, 387, 389, 390, 391, 393, 394, 395, 396, 398, 399, 401, 402, 403, 405, 406, 407, 408, 410, 411, 412, 413, 416, 417, 418, 419, 420, 421, 422, 424, 425, 426, 427, 428, 429, 431, 432, 434, 435, 436, 437, 439, 440, 442, 444, 445, 446, 447, 450, 451, 452, 453, 456, 457, 458, 459, 460, 461, 463, 464, 465, 472, 473, 474, 475, 476, 478, 479, 480, 481, 483, 485, 486, 487, 488, 490, 491, 497, 498, 500, 501, 502, 503, 504, 505, 507, 508, 509, 512, 513, 514, 515, 516, 517, 518, 519, 520, 521, 523, 524, 525, 526, 527, 528, 529, 530, 531, 533, 534, 535, 537, 538, 539, 540, 543, 544, 545, 546, 549, 551, 558, 559, 560, 561, 562, 563, 564, 565, 567, 568, 569, 571, 572, 574, 575, 576, 577, 578, 579, 580, 586, 587, 588, 589, 590, 591, 592, 593, 595, 596, 598, 599, 600, 602, 603, 604, 605, 606, 607, 609, 611, 618, 619, 620, 621, 623, 624, 625, 626, 628, 630, 631, 632, 634, 635, 636, 637, 638, 639, 640, 641, 642, 643, 644, 645, 646, 647, 648, 649, 650, 651, 652, 654, 670, 671, 672, 673, 674, 683, 684, 685, 687, 688, 690, 691, 692, 693, 694, 695, 699, 700, 701, 703, 704, 705, 708, 714, 715, 716, 717, 718, 719, 720, 721, 722, 723, 724, 725, 726, 727, 728, 729, 735, 736, 737, 741, 742, 743, 744, 746, 748, 750, 757, 758, 759, 760, 762, 763, 764, 766, 768, 769, 770, 771, 773, 774, 775, 776, 778, 779, 780, 781, 782, 783, 784, 785, 787, 788, 789, 790, 792, 793, 796, 797, 798, 799, 800, 802, 804, 805, 806, 808, 809, 810, 812, 813, 814, 815, 816, 817, 818, 819, 820, 821, 822, 823, 824, 830, 831, 832, 839, 840, 841, 842, 844, 845, 847, 848, 850, 851, 852, 855, 856, 857, 858, 860, 861, 864, 865, 866, 867, 868, 869, 872, 873, 874, 876, 877, 880, 881, 882, 883, 884, 887, 888, 889, 890, 891, 892, 893, 894, 895, 896, 897, 898, 899, 900, 901, 902, 903, 904, 905, 906, 907, 909, 910, 911, 912, 913, 914, 917, 918, 919, 920, 921, 922, 923, 924, 926, 927, 930, 931, 932, 933, 934, 935, 936, 938, 939, 942, 943, 944, 945, 946, 947, 948, 949, 950, 951, 952, 953, 956, 957, 958, 959, 960, 961, 962, 963, 964, 965, 966, 968, 971, 972, 975, 976], "excluded_lines": [], "start_line": 1}}}, "src/wc2026/config.py": {"executed_lines": [2, 4, 5, 10, 15, 16, 17, 18, 19, 20, 21, 22, 24, 25, 30, 31, 32, 37, 38, 39, 40, 45, 48, 49, 50, 55, 56, 61, 62, 63, 64, 69, 70, 71, 78, 79, 80, 81, 82, 83, 84, 85, 86, 87, 88], "summary": {"covered_lines": 45, "num_statements": 45, "percent_covered": 100.0, "percent_covered_display": "100", "missing_lines": 0, "excluded_lines": 0, "percent_statements_covered": 100.0, "percent_statements_covered_display": "100"}, "missing_lines": [], "excluded_lines": [], "functions": {"": {"executed_lines": [2, 4, 5, 10, 15, 16, 17, 18, 19, 20, 21, 22, 24, 25, 30, 31, 32, 37, 38, 39, 40, 45, 48, 49, 50, 55, 56, 61, 62, 63, 64, 69, 70, 71, 78, 79, 80, 81, 82, 83, 84, 85, 86, 87, 88], "summary": {"covered_lines": 45, "num_statements": 45, "percent_covered": 100.0, "percent_covered_display": "100", "missing_lines": 0, "excluded_lines": 0, "percent_statements_covered": 100.0, "percent_statements_covered_display": "100"}, "missing_lines": [], "excluded_lines": [], "start_line": 1}}, "classes": {"": {"executed_lines": [2, 4, 5, 10, 15, 16, 17, 18, 19, 20, 21, 22, 24, 25, 30, 31, 32, 37, 38, 39, 40, 45, 48, 49, 50, 55, 56, 61, 62, 63, 64, 69, 70, 71, 78, 79, 80, 81, 82, 83, 84, 85, 86, 87, 88], "summary": {"covered_lines": 45, "num_statements": 45, "percent_covered": 100.0, "percent_covered_display": "100", "missing_lines": 0, "excluded_lines": 0, "percent_statements_covered": 100.0, "percent_statements_covered_display": "100"}, "missing_lines": [], "excluded_lines": [], "start_line": 1}}}, "src/wc2026/data/__init__.py": {"executed_lines": [1, 2, 4], "summary": {"covered_lines": 3, "num_statements": 3, "percent_covered": 100.0, "percent_covered_display": "100", "missing_lines": 0, "excluded_lines": 0, "percent_statements_covered": 100.0, "percent_statements_covered_display": "100"}, "missing_lines": [], "excluded_lines": [], "functions": {"": {"executed_lines": [1, 2, 4], "summary": {"covered_lines": 3, "num_statements": 3, "percent_covered": 100.0, "percent_covered_display": "100", "missing_lines": 0, "excluded_lines": 0, "percent_statements_covered": 100.0, "percent_statements_covered_display": "100"}, "missing_lines": [], "excluded_lines": [], "start_line": 1}}, "classes": {"": {"executed_lines": [1, 2, 4], "summary": {"covered_lines": 3, "num_statements": 3, "percent_covered": 100.0, "percent_covered_display": "100", "missing_lines": 0, "excluded_lines": 0, "percent_statements_covered": 100.0, "percent_statements_covered_display": "100"}, "missing_lines": [], "excluded_lines": [], "start_line": 1}}}, "src/wc2026/data/asof_join.py": {"executed_lines": [4, 5, 6, 8, 26, 28, 29, 30, 31, 34, 35, 36, 40, 41, 42, 44, 46], "summary": {"covered_lines": 17, "num_statements": 24, "percent_covered": 70.83333333333333, "percent_covered_display": "71", "missing_lines": 7, "excluded_lines": 0, "percent_statements_covered": 70.83333333333333, "percent_statements_covered_display": "71"}, "missing_lines": [27, 32, 37, 38, 39, 43, 45], "excluded_lines": [], "functions": {"asof_records": {"executed_lines": [26, 28, 29, 30, 31, 34, 35, 36, 40, 41, 42, 44, 46], "summary": {"covered_lines": 13, "num_statements": 20, "percent_covered": 65.0, "percent_covered_display": "65", "missing_lines": 7, "excluded_lines": 0, "percent_statements_covered": 65.0, "percent_statements_covered_display": "65"}, "missing_lines": [27, 32, 37, 38, 39, 43, 45], "excluded_lines": [], "start_line": 8}, "": {"executed_lines": [4, 5, 6, 8], "summary": {"covered_lines": 4, "num_statements": 4, "percent_covered": 100.0, "percent_covered_display": "100", "missing_lines": 0, "excluded_lines": 0, "percent_statements_covered": 100.0, "percent_statements_covered_display": "100"}, "missing_lines": [], "excluded_lines": [], "start_line": 1}}, "classes": {"": {"executed_lines": [4, 5, 6, 8, 26, 28, 29, 30, 31, 34, 35, 36, 40, 41, 42, 44, 46], "summary": {"covered_lines": 17, "num_statements": 24, "percent_covered": 70.83333333333333, "percent_covered_display": "71", "missing_lines": 7, "excluded_lines": 0, "percent_statements_covered": 70.83333333333333, "percent_statements_covered_display": "71"}, "missing_lines": [27, 32, 37, 38, 39, 43, 45], "excluded_lines": [], "start_line": 1}}}, "src/wc2026/data/dataset.py": {"executed_lines": [8, 10, 11, 12, 13, 15, 16, 17, 19, 20, 21, 37, 39, 42, 45, 55, 63, 183, 195, 211, 262, 279, 284, 298, 322, 332, 340, 403, 426, 448, 475, 503, 512], "summary": {"covered_lines": 33, "num_statements": 256, "percent_covered": 12.890625, "percent_covered_display": "13", "missing_lines": 223, "excluded_lines": 0, "percent_statements_covered": 12.890625, "percent_statements_covered_display": "13"}, "missing_lines": [60, 61, 65, 68, 69, 70, 71, 72, 74, 75, 76, 79, 80, 81, 82, 83, 86, 87, 88, 89, 92, 93, 94, 95, 98, 99, 100, 101, 104, 105, 106, 107, 110, 111, 112, 113, 114, 115, 118, 119, 120, 121, 122, 123, 126, 127, 128, 131, 132, 133, 136, 137, 138, 141, 142, 143, 146, 147, 148, 151, 152, 153, 156, 157, 158, 160, 161, 184, 185, 186, 187, 188, 189, 190, 191, 192, 193, 196, 197, 198, 199, 200, 201, 202, 203, 204, 205, 212, 213, 214, 215, 216, 217, 218, 219, 220, 221, 224, 227, 228, 230, 256, 257, 258, 259, 260, 265, 266, 267, 268, 270, 271, 272, 273, 277, 280, 281, 282, 285, 286, 287, 288, 289, 290, 291, 292, 293, 294, 295, 296, 300, 301, 302, 303, 304, 320, 330, 338, 347, 348, 349, 350, 351, 352, 353, 354, 355, 356, 357, 359, 360, 362, 363, 364, 365, 366, 367, 370, 371, 372, 373, 374, 375, 376, 377, 378, 380, 397, 398, 399, 400, 401, 405, 406, 407, 408, 409, 410, 411, 412, 413, 414, 424, 428, 429, 430, 431, 432, 433, 434, 435, 436, 446, 450, 451, 452, 453, 454, 455, 456, 457, 458, 459, 473, 477, 478, 479, 480, 481, 482, 483, 484, 485, 486, 496, 504, 505, 506, 507, 508, 509, 514, 515], "excluded_lines": [], "functions": {"DatasetBuilder.__init__": {"executed_lines": [], "summary": {"covered_lines": 0, "num_statements": 2, "percent_covered": 0.0, "percent_covered_display": "0", "missing_lines": 2, "excluded_lines": 0, "percent_statements_covered": 0.0, "percent_statements_covered_display": "0"}, "missing_lines": [60, 61], "excluded_lines": [], "start_line": 55}, "DatasetBuilder.run": {"executed_lines": [], "summary": {"covered_lines": 0, "num_statements": 65, "percent_covered": 0.0, "percent_covered_display": "0", "missing_lines": 65, "excluded_lines": 0, "percent_statements_covered": 0.0, "percent_statements_covered_display": "0"}, "missing_lines": [65, 68, 69, 70, 71, 72, 74, 75, 76, 79, 80, 81, 82, 83, 86, 87, 88, 89, 92, 93, 94, 95, 98, 99, 100, 101, 104, 105, 106, 107, 110, 111, 112, 113, 114, 115, 118, 119, 120, 121, 122, 123, 126, 127, 128, 131, 132, 133, 136, 137, 138, 141, 142, 143, 146, 147, 148, 151, 152, 153, 156, 157, 158, 160, 161], "excluded_lines": [], "start_line": 63}, "DatasetBuilder._validate_matches": {"executed_lines": [], "summary": {"covered_lines": 0, "num_statements": 10, "percent_covered": 0.0, "percent_covered_display": "0", "missing_lines": 10, "excluded_lines": 0, "percent_statements_covered": 0.0, "percent_statements_covered_display": "0"}, "missing_lines": [184, 185, 186, 187, 188, 189, 190, 191, 192, 193], "excluded_lines": [], "start_line": 183}, "DatasetBuilder._validate_batch": {"executed_lines": [], "summary": {"covered_lines": 0, "num_statements": 10, "percent_covered": 0.0, "percent_covered_display": "0", "missing_lines": 10, "excluded_lines": 0, "percent_statements_covered": 0.0, "percent_statements_covered_display": "0"}, "missing_lines": [196, 197, 198, 199, 200, 201, 202, 203, 204, 205], "excluded_lines": [], "start_line": 195}, "DatasetBuilder._flatten_matches": {"executed_lines": [], "summary": {"covered_lines": 0, "num_statements": 19, "percent_covered": 0.0, "percent_covered_display": "0", "missing_lines": 19, "excluded_lines": 0, "percent_statements_covered": 0.0, "percent_statements_covered_display": "0"}, "missing_lines": [212, 213, 214, 215, 216, 217, 218, 219, 220, 221, 224, 227, 228, 230, 256, 257, 258, 259, 260], "excluded_lines": [], "start_line": 211}, "DatasetBuilder._flatten_team_stats": {"executed_lines": [], "summary": {"covered_lines": 0, "num_statements": 9, "percent_covered": 0.0, "percent_covered_display": "0", "missing_lines": 9, "excluded_lines": 0, "percent_statements_covered": 0.0, "percent_statements_covered_display": "0"}, "missing_lines": [265, 266, 267, 268, 270, 271, 272, 273, 277], "excluded_lines": [], "start_line": 262}, "DatasetBuilder._flatten_shots": {"executed_lines": [], "summary": {"covered_lines": 0, "num_statements": 3, "percent_covered": 0.0, "percent_covered_display": "0", "missing_lines": 3, "excluded_lines": 0, "percent_statements_covered": 0.0, "percent_statements_covered_display": "0"}, "missing_lines": [280, 281, 282], "excluded_lines": [], "start_line": 279}, "DatasetBuilder._flatten_events": {"executed_lines": [], "summary": {"covered_lines": 0, "num_statements": 12, "percent_covered": 0.0, "percent_covered_display": "0", "missing_lines": 12, "excluded_lines": 0, "percent_statements_covered": 0.0, "percent_statements_covered_display": "0"}, "missing_lines": [285, 286, 287, 288, 289, 290, 291, 292, 293, 294, 295, 296], "excluded_lines": [], "start_line": 284}, "DatasetBuilder._flatten_odds": {"executed_lines": [], "summary": {"covered_lines": 0, "num_statements": 6, "percent_covered": 0.0, "percent_covered_display": "0", "missing_lines": 6, "excluded_lines": 0, "percent_statements_covered": 0.0, "percent_statements_covered_display": "0"}, "missing_lines": [300, 301, 302, 303, 304, 320], "excluded_lines": [], "start_line": 298}, "DatasetBuilder._flatten_markets": {"executed_lines": [], "summary": {"covered_lines": 0, "num_statements": 1, "percent_covered": 0.0, "percent_covered_display": "0", "missing_lines": 1, "excluded_lines": 0, "percent_statements_covered": 0.0, "percent_statements_covered_display": "0"}, "missing_lines": [330], "excluded_lines": [], "start_line": 322}, "DatasetBuilder._flatten_first_half_markets": {"executed_lines": [], "summary": {"covered_lines": 0, "num_statements": 1, "percent_covered": 0.0, "percent_covered_display": "0", "missing_lines": 1, "excluded_lines": 0, "percent_statements_covered": 0.0, "percent_statements_covered_display": "0"}, "missing_lines": [338], "excluded_lines": [], "start_line": 332}, "DatasetBuilder._flatten_markets_for_period": {"executed_lines": [], "summary": {"covered_lines": 0, "num_statements": 34, "percent_covered": 0.0, "percent_covered_display": "0", "missing_lines": 34, "excluded_lines": 0, "percent_statements_covered": 0.0, "percent_statements_covered_display": "0"}, "missing_lines": [347, 348, 349, 350, 351, 352, 353, 354, 355, 356, 357, 359, 360, 362, 363, 364, 365, 366, 367, 370, 371, 372, 373, 374, 375, 376, 377, 378, 380, 397, 398, 399, 400, 401], "excluded_lines": [], "start_line": 340}, "DatasetBuilder._fetch_injuries": {"executed_lines": [], "summary": {"covered_lines": 0, "num_statements": 11, "percent_covered": 0.0, "percent_covered_display": "0", "missing_lines": 11, "excluded_lines": 0, "percent_statements_covered": 0.0, "percent_statements_covered_display": "0"}, "missing_lines": [405, 406, 407, 408, 409, 410, 411, 412, 413, 414, 424], "excluded_lines": [], "start_line": 403}, "DatasetBuilder._fetch_futures": {"executed_lines": [], "summary": {"covered_lines": 0, "num_statements": 10, "percent_covered": 0.0, "percent_covered_display": "0", "missing_lines": 10, "excluded_lines": 0, "percent_statements_covered": 0.0, "percent_statements_covered_display": "0"}, "missing_lines": [428, 429, 430, 431, 432, 433, 434, 435, 436, 446], "excluded_lines": [], "start_line": 426}, "DatasetBuilder._fetch_rosters": {"executed_lines": [], "summary": {"covered_lines": 0, "num_statements": 11, "percent_covered": 0.0, "percent_covered_display": "0", "missing_lines": 11, "excluded_lines": 0, "percent_statements_covered": 0.0, "percent_statements_covered_display": "0"}, "missing_lines": [450, 451, 452, 453, 454, 455, 456, 457, 458, 459, 473], "excluded_lines": [], "start_line": 448}, "DatasetBuilder._fetch_best_players": {"executed_lines": [], "summary": {"covered_lines": 0, "num_statements": 11, "percent_covered": 0.0, "percent_covered_display": "0", "missing_lines": 11, "excluded_lines": 0, "percent_statements_covered": 0.0, "percent_statements_covered_display": "0"}, "missing_lines": [477, 478, 479, 480, 481, 482, 483, 484, 485, 486, 496], "excluded_lines": [], "start_line": 475}, "_parse_dt": {"executed_lines": [], "summary": {"covered_lines": 0, "num_statements": 6, "percent_covered": 0.0, "percent_covered_display": "0", "missing_lines": 6, "excluded_lines": 0, "percent_statements_covered": 0.0, "percent_statements_covered_display": "0"}, "missing_lines": [504, 505, 506, 507, 508, 509], "excluded_lines": [], "start_line": 503}, "_decay_weight": {"executed_lines": [], "summary": {"covered_lines": 0, "num_statements": 2, "percent_covered": 0.0, "percent_covered_display": "0", "missing_lines": 2, "excluded_lines": 0, "percent_statements_covered": 0.0, "percent_statements_covered_display": "0"}, "missing_lines": [514, 515], "excluded_lines": [], "start_line": 512}, "": {"executed_lines": [8, 10, 11, 12, 13, 15, 16, 17, 19, 20, 21, 37, 39, 42, 45, 55, 63, 183, 195, 211, 262, 279, 284, 298, 322, 332, 340, 403, 426, 448, 475, 503, 512], "summary": {"covered_lines": 33, "num_statements": 33, "percent_covered": 100.0, "percent_covered_display": "100", "missing_lines": 0, "excluded_lines": 0, "percent_statements_covered": 100.0, "percent_statements_covered_display": "100"}, "missing_lines": [], "excluded_lines": [], "start_line": 1}}, "classes": {"DatasetBuilder": {"executed_lines": [], "summary": {"covered_lines": 0, "num_statements": 215, "percent_covered": 0.0, "percent_covered_display": "0", "missing_lines": 215, "excluded_lines": 0, "percent_statements_covered": 0.0, "percent_statements_covered_display": "0"}, "missing_lines": [60, 61, 65, 68, 69, 70, 71, 72, 74, 75, 76, 79, 80, 81, 82, 83, 86, 87, 88, 89, 92, 93, 94, 95, 98, 99, 100, 101, 104, 105, 106, 107, 110, 111, 112, 113, 114, 115, 118, 119, 120, 121, 122, 123, 126, 127, 128, 131, 132, 133, 136, 137, 138, 141, 142, 143, 146, 147, 148, 151, 152, 153, 156, 157, 158, 160, 161, 184, 185, 186, 187, 188, 189, 190, 191, 192, 193, 196, 197, 198, 199, 200, 201, 202, 203, 204, 205, 212, 213, 214, 215, 216, 217, 218, 219, 220, 221, 224, 227, 228, 230, 256, 257, 258, 259, 260, 265, 266, 267, 268, 270, 271, 272, 273, 277, 280, 281, 282, 285, 286, 287, 288, 289, 290, 291, 292, 293, 294, 295, 296, 300, 301, 302, 303, 304, 320, 330, 338, 347, 348, 349, 350, 351, 352, 353, 354, 355, 356, 357, 359, 360, 362, 363, 364, 365, 366, 367, 370, 371, 372, 373, 374, 375, 376, 377, 378, 380, 397, 398, 399, 400, 401, 405, 406, 407, 408, 409, 410, 411, 412, 413, 414, 424, 428, 429, 430, 431, 432, 433, 434, 435, 436, 446, 450, 451, 452, 453, 454, 455, 456, 457, 458, 459, 473, 477, 478, 479, 480, 481, 482, 483, 484, 485, 486, 496], "excluded_lines": [], "start_line": 45}, "": {"executed_lines": [8, 10, 11, 12, 13, 15, 16, 17, 19, 20, 21, 37, 39, 42, 45, 55, 63, 183, 195, 211, 262, 279, 284, 298, 322, 332, 340, 403, 426, 448, 475, 503, 512], "summary": {"covered_lines": 33, "num_statements": 41, "percent_covered": 80.48780487804878, "percent_covered_display": "80", "missing_lines": 8, "excluded_lines": 0, "percent_statements_covered": 80.48780487804878, "percent_statements_covered_display": "80"}, "missing_lines": [504, 505, 506, 507, 508, 509, 514, 515], "excluded_lines": [], "start_line": 1}}}, "src/wc2026/data/odds_snapshot_store.py": {"executed_lines": [7, 9, 10, 11, 12, 13, 14, 16, 17, 18, 19, 21, 23, 25, 49, 50, 51, 53, 54, 56, 66, 69, 70, 74, 76, 77, 78, 80, 81, 83, 84, 86, 88, 89, 91, 92, 95, 96, 97, 99, 101, 102, 103, 104, 105, 109, 110, 112, 114, 115, 117, 118, 120, 124, 128, 130, 138, 139, 140, 142, 145, 146, 148, 150, 151, 153, 158, 160, 190, 200, 201, 203, 204, 205, 206, 207, 210, 211, 212, 216, 217, 222, 223, 224, 234, 237, 238, 239, 240, 241, 242, 252, 255, 281, 283, 285, 286, 287, 288, 289, 290, 297, 298, 301, 303, 305, 306, 307, 308, 309, 310, 311, 312, 313, 314, 315, 316, 317, 318, 319, 320, 321, 322, 325, 331, 337, 339, 363, 364, 366, 369, 370, 371, 372, 373, 375, 376, 377, 382, 383, 385, 386, 391, 392, 393, 395], "summary": {"covered_lines": 146, "num_statements": 203, "percent_covered": 71.92118226600985, "percent_covered_display": "72", "missing_lines": 57, "excluded_lines": 0, "percent_statements_covered": 71.92118226600985, "percent_statements_covered_display": "72"}, "missing_lines": [52, 67, 71, 93, 94, 106, 107, 121, 122, 125, 126, 143, 154, 155, 156, 162, 163, 164, 166, 167, 169, 170, 172, 173, 174, 176, 177, 178, 179, 182, 183, 184, 213, 256, 257, 258, 259, 260, 261, 262, 263, 264, 265, 266, 267, 268, 269, 279, 299, 300, 365, 374, 378, 379, 384, 387, 388], "excluded_lines": [], "functions": {"OddsSnapshotStore.__init__": {"executed_lines": [51, 53, 54], "summary": {"covered_lines": 3, "num_statements": 4, "percent_covered": 75.0, "percent_covered_display": "75", "missing_lines": 1, "excluded_lines": 0, "percent_statements_covered": 75.0, "percent_statements_covered_display": "75"}, "missing_lines": [52], "excluded_lines": [], "start_line": 50}, "OddsSnapshotStore.append_snapshot": {"executed_lines": [66, 69, 70, 74, 76, 77, 78, 80, 81, 83, 84, 86, 88, 89, 91, 92, 95, 96, 97], "summary": {"covered_lines": 19, "num_statements": 23, "percent_covered": 82.6086956521739, "percent_covered_display": "83", "missing_lines": 4, "excluded_lines": 0, "percent_statements_covered": 82.6086956521739, "percent_statements_covered_display": "83"}, "missing_lines": [67, 71, 93, 94], "excluded_lines": [], "start_line": 56}, "OddsSnapshotStore.load_snapshots": {"executed_lines": [101, 102, 103, 104, 105, 109, 110, 112, 114, 115, 117, 118, 120, 124, 128], "summary": {"covered_lines": 15, "num_statements": 21, "percent_covered": 71.42857142857143, "percent_covered_display": "71", "missing_lines": 6, "excluded_lines": 0, "percent_statements_covered": 71.42857142857143, "percent_statements_covered_display": "71"}, "missing_lines": [106, 107, 121, 122, 125, 126], "excluded_lines": [], "start_line": 99}, "OddsSnapshotStore.asof_snapshot": {"executed_lines": [138, 139, 140, 142, 145, 146, 148, 150, 151, 153, 158], "summary": {"covered_lines": 11, "num_statements": 15, "percent_covered": 73.33333333333333, "percent_covered_display": "73", "missing_lines": 4, "excluded_lines": 0, "percent_statements_covered": 73.33333333333333, "percent_statements_covered_display": "73"}, "missing_lines": [143, 154, 155, 156], "excluded_lines": [], "start_line": 130}, "OddsSnapshotStore.closing_snapshot": {"executed_lines": [], "summary": {"covered_lines": 0, "num_statements": 17, "percent_covered": 0.0, "percent_covered_display": "0", "missing_lines": 17, "excluded_lines": 0, "percent_statements_covered": 0.0, "percent_statements_covered_display": "0"}, "missing_lines": [162, 163, 164, 166, 167, 169, 170, 172, 173, 174, 176, 177, 178, 179, 182, 183, 184], "excluded_lines": [], "start_line": 160}, "OddsSnapshotStore._flatten_payload": {"executed_lines": [200, 201, 203, 204, 205, 206, 207, 210, 211, 212, 216, 217, 222, 223, 224, 234, 237, 238, 239, 240, 241, 242, 252, 255, 281], "summary": {"covered_lines": 25, "num_statements": 41, "percent_covered": 60.97560975609756, "percent_covered_display": "61", "missing_lines": 16, "excluded_lines": 0, "percent_statements_covered": 60.97560975609756, "percent_statements_covered_display": "61"}, "missing_lines": [213, 256, 257, 258, 259, 260, 261, 262, 263, 264, 265, 266, 267, 268, 269, 279], "excluded_lines": [], "start_line": 190}, "OddsSnapshotStore._load_existing_hashes": {"executed_lines": [285, 286, 287, 288, 289, 290, 297, 298, 301], "summary": {"covered_lines": 9, "num_statements": 11, "percent_covered": 81.81818181818181, "percent_covered_display": "82", "missing_lines": 2, "excluded_lines": 0, "percent_statements_covered": 81.81818181818181, "percent_statements_covered_display": "82"}, "missing_lines": [299, 300], "excluded_lines": [], "start_line": 283}, "OddsSnapshotStore._cast_types": {"executed_lines": [305, 306, 307, 308, 309, 310, 311, 312, 313, 314, 315, 316, 317, 318, 319, 320, 321, 322], "summary": {"covered_lines": 18, "num_statements": 18, "percent_covered": 100.0, "percent_covered_display": "100", "missing_lines": 0, "excluded_lines": 0, "percent_statements_covered": 100.0, "percent_statements_covered_display": "100"}, "missing_lines": [], "excluded_lines": [], "start_line": 303}, "_make_row": {"executed_lines": [331, 337, 339], "summary": {"covered_lines": 3, "num_statements": 3, "percent_covered": 100.0, "percent_covered_display": "100", "missing_lines": 0, "excluded_lines": 0, "percent_statements_covered": 100.0, "percent_statements_covered_display": "100"}, "missing_lines": [], "excluded_lines": [], "start_line": 325}, "_ensure_utc": {"executed_lines": [364, 366], "summary": {"covered_lines": 2, "num_statements": 3, "percent_covered": 66.66666666666667, "percent_covered_display": "67", "missing_lines": 1, "excluded_lines": 0, "percent_statements_covered": 66.66666666666667, "percent_statements_covered_display": "67"}, "missing_lines": [365], "excluded_lines": [], "start_line": 363}, "_parse_ts": {"executed_lines": [370, 371, 372, 373, 375, 376, 377], "summary": {"covered_lines": 7, "num_statements": 10, "percent_covered": 70.0, "percent_covered_display": "70", "missing_lines": 3, "excluded_lines": 0, "percent_statements_covered": 70.0, "percent_statements_covered_display": "70"}, "missing_lines": [374, 378, 379], "excluded_lines": [], "start_line": 369}, "_safe_int": {"executed_lines": [383, 385, 386], "summary": {"covered_lines": 3, "num_statements": 6, "percent_covered": 50.0, "percent_covered_display": "50", "missing_lines": 3, "excluded_lines": 0, "percent_statements_covered": 50.0, "percent_statements_covered_display": "50"}, "missing_lines": [384, 387, 388], "excluded_lines": [], "start_line": 382}, "_amer_to_dec": {"executed_lines": [392, 393, 395], "summary": {"covered_lines": 3, "num_statements": 3, "percent_covered": 100.0, "percent_covered_display": "100", "missing_lines": 0, "excluded_lines": 0, "percent_statements_covered": 100.0, "percent_statements_covered_display": "100"}, "missing_lines": [], "excluded_lines": [], "start_line": 391}, "": {"executed_lines": [7, 9, 10, 11, 12, 13, 14, 16, 17, 18, 19, 21, 23, 25, 49, 50, 56, 99, 130, 160, 190, 283, 303, 325, 363, 369, 382, 391], "summary": {"covered_lines": 28, "num_statements": 28, "percent_covered": 100.0, "percent_covered_display": "100", "missing_lines": 0, "excluded_lines": 0, "percent_statements_covered": 100.0, "percent_statements_covered_display": "100"}, "missing_lines": [], "excluded_lines": [], "start_line": 1}}, "classes": {"OddsSnapshotStore": {"executed_lines": [51, 53, 54, 66, 69, 70, 74, 76, 77, 78, 80, 81, 83, 84, 86, 88, 89, 91, 92, 95, 96, 97, 101, 102, 103, 104, 105, 109, 110, 112, 114, 115, 117, 118, 120, 124, 128, 138, 139, 140, 142, 145, 146, 148, 150, 151, 153, 158, 200, 201, 203, 204, 205, 206, 207, 210, 211, 212, 216, 217, 222, 223, 224, 234, 237, 238, 239, 240, 241, 242, 252, 255, 281, 285, 286, 287, 288, 289, 290, 297, 298, 301, 305, 306, 307, 308, 309, 310, 311, 312, 313, 314, 315, 316, 317, 318, 319, 320, 321, 322], "summary": {"covered_lines": 100, "num_statements": 150, "percent_covered": 66.66666666666667, "percent_covered_display": "67", "missing_lines": 50, "excluded_lines": 0, "percent_statements_covered": 66.66666666666667, "percent_statements_covered_display": "67"}, "missing_lines": [52, 67, 71, 93, 94, 106, 107, 121, 122, 125, 126, 143, 154, 155, 156, 162, 163, 164, 166, 167, 169, 170, 172, 173, 174, 176, 177, 178, 179, 182, 183, 184, 213, 256, 257, 258, 259, 260, 261, 262, 263, 264, 265, 266, 267, 268, 269, 279, 299, 300], "excluded_lines": [], "start_line": 49}, "": {"executed_lines": [7, 9, 10, 11, 12, 13, 14, 16, 17, 18, 19, 21, 23, 25, 49, 50, 56, 99, 130, 160, 190, 283, 303, 325, 331, 337, 339, 363, 364, 366, 369, 370, 371, 372, 373, 375, 376, 377, 382, 383, 385, 386, 391, 392, 393, 395], "summary": {"covered_lines": 46, "num_statements": 53, "percent_covered": 86.79245283018868, "percent_covered_display": "87", "missing_lines": 7, "excluded_lines": 0, "percent_statements_covered": 86.79245283018868, "percent_statements_covered_display": "87"}, "missing_lines": [365, 374, 378, 379, 384, 387, 388], "excluded_lines": [], "start_line": 1}}}, "src/wc2026/data/providers/__init__.py": {"executed_lines": [1, 2, 3, 5], "summary": {"covered_lines": 4, "num_statements": 4, "percent_covered": 100.0, "percent_covered_display": "100", "missing_lines": 0, "excluded_lines": 0, "percent_statements_covered": 100.0, "percent_statements_covered_display": "100"}, "missing_lines": [], "excluded_lines": [], "functions": {"": {"executed_lines": [1, 2, 3, 5], "summary": {"covered_lines": 4, "num_statements": 4, "percent_covered": 100.0, "percent_covered_display": "100", "missing_lines": 0, "excluded_lines": 0, "percent_statements_covered": 100.0, "percent_statements_covered_display": "100"}, "missing_lines": [], "excluded_lines": [], "start_line": 1}}, "classes": {"": {"executed_lines": [1, 2, 3, 5], "summary": {"covered_lines": 4, "num_statements": 4, "percent_covered": 100.0, "percent_covered_display": "100", "missing_lines": 0, "excluded_lines": 0, "percent_statements_covered": 100.0, "percent_statements_covered_display": "100"}, "missing_lines": [], "excluded_lines": [], "start_line": 1}}}, "src/wc2026/data/providers/base.py": {"executed_lines": [2, 4, 7, 45, 49, 53, 57, 66, 74], "summary": {"covered_lines": 9, "num_statements": 15, "percent_covered": 60.0, "percent_covered_display": "60", "missing_lines": 6, "excluded_lines": 30, "percent_statements_covered": 60.0, "percent_statements_covered_display": "60"}, "missing_lines": [47, 51, 55, 64, 72, 76], "excluded_lines": [15, 16, 17, 18, 19, 20, 21, 22, 23, 24, 25, 26, 27, 28, 29, 30, 31, 32, 33, 34, 35, 36, 37, 38, 39, 40, 41, 42, 43, 44], "functions": {"DataProvider.fetch_matches": {"executed_lines": [], "summary": {"covered_lines": 0, "num_statements": 0, "percent_covered": 100.0, "percent_covered_display": "100", "missing_lines": 0, "excluded_lines": 1, "percent_statements_covered": 100.0, "percent_statements_covered_display": "100"}, "missing_lines": [], "excluded_lines": [16], "start_line": 16}, "DataProvider.fetch_odds": {"executed_lines": [], "summary": {"covered_lines": 0, "num_statements": 0, "percent_covered": 100.0, "percent_covered_display": "100", "missing_lines": 0, "excluded_lines": 1, "percent_statements_covered": 100.0, "percent_statements_covered_display": "100"}, "missing_lines": [], "excluded_lines": [19], "start_line": 19}, "DataProvider.fetch_team_stats": {"executed_lines": [], "summary": {"covered_lines": 0, "num_statements": 0, "percent_covered": 100.0, "percent_covered_display": "100", "missing_lines": 0, "excluded_lines": 1, "percent_statements_covered": 100.0, "percent_statements_covered_display": "100"}, "missing_lines": [], "excluded_lines": [22], "start_line": 22}, "DataProvider.fetch_player_stats": {"executed_lines": [], "summary": {"covered_lines": 0, "num_statements": 0, "percent_covered": 100.0, "percent_covered_display": "100", "missing_lines": 0, "excluded_lines": 1, "percent_statements_covered": 100.0, "percent_statements_covered_display": "100"}, "missing_lines": [], "excluded_lines": [25], "start_line": 25}, "DataProvider.fetch_events": {"executed_lines": [], "summary": {"covered_lines": 0, "num_statements": 0, "percent_covered": 100.0, "percent_covered_display": "100", "missing_lines": 0, "excluded_lines": 1, "percent_statements_covered": 100.0, "percent_statements_covered_display": "100"}, "missing_lines": [], "excluded_lines": [28], "start_line": 28}, "DataProvider.fetch_shots": {"executed_lines": [], "summary": {"covered_lines": 0, "num_statements": 0, "percent_covered": 100.0, "percent_covered_display": "100", "missing_lines": 0, "excluded_lines": 1, "percent_statements_covered": 100.0, "percent_statements_covered_display": "100"}, "missing_lines": [], "excluded_lines": [31], "start_line": 31}, "DataProvider.fetch_lineups": {"executed_lines": [], "summary": {"covered_lines": 0, "num_statements": 0, "percent_covered": 100.0, "percent_covered_display": "100", "missing_lines": 0, "excluded_lines": 1, "percent_statements_covered": 100.0, "percent_statements_covered_display": "100"}, "missing_lines": [], "excluded_lines": [34], "start_line": 34}, "DataProvider.fetch_momentum": {"executed_lines": [], "summary": {"covered_lines": 0, "num_statements": 0, "percent_covered": 100.0, "percent_covered_display": "100", "missing_lines": 0, "excluded_lines": 1, "percent_statements_covered": 100.0, "percent_statements_covered_display": "100"}, "missing_lines": [], "excluded_lines": [37], "start_line": 37}, "DataProvider.fetch_group_standings": {"executed_lines": [], "summary": {"covered_lines": 0, "num_statements": 0, "percent_covered": 100.0, "percent_covered_display": "100", "missing_lines": 0, "excluded_lines": 1, "percent_statements_covered": 100.0, "percent_statements_covered_display": "100"}, "missing_lines": [], "excluded_lines": [40], "start_line": 40}, "DataProvider.fetch_team_form": {"executed_lines": [], "summary": {"covered_lines": 0, "num_statements": 0, "percent_covered": 100.0, "percent_covered_display": "100", "missing_lines": 0, "excluded_lines": 1, "percent_statements_covered": 100.0, "percent_statements_covered_display": "100"}, "missing_lines": [], "excluded_lines": [43], "start_line": 43}, "DataProvider.fetch_injuries": {"executed_lines": [], "summary": {"covered_lines": 0, "num_statements": 1, "percent_covered": 0.0, "percent_covered_display": "0", "missing_lines": 1, "excluded_lines": 0, "percent_statements_covered": 0.0, "percent_statements_covered_display": "0"}, "missing_lines": [47], "excluded_lines": [], "start_line": 45}, "DataProvider.fetch_futures": {"executed_lines": [], "summary": {"covered_lines": 0, "num_statements": 1, "percent_covered": 0.0, "percent_covered_display": "0", "missing_lines": 1, "excluded_lines": 0, "percent_statements_covered": 0.0, "percent_statements_covered_display": "0"}, "missing_lines": [51], "excluded_lines": [], "start_line": 49}, "DataProvider.fetch_rosters": {"executed_lines": [], "summary": {"covered_lines": 0, "num_statements": 1, "percent_covered": 0.0, "percent_covered_display": "0", "missing_lines": 1, "excluded_lines": 0, "percent_statements_covered": 0.0, "percent_statements_covered_display": "0"}, "missing_lines": [55], "excluded_lines": [], "start_line": 53}, "DataProvider.fetch_player_props": {"executed_lines": [], "summary": {"covered_lines": 0, "num_statements": 1, "percent_covered": 0.0, "percent_covered_display": "0", "missing_lines": 1, "excluded_lines": 0, "percent_statements_covered": 0.0, "percent_statements_covered_display": "0"}, "missing_lines": [64], "excluded_lines": [], "start_line": 57}, "DataProvider.fetch_avg_positions": {"executed_lines": [], "summary": {"covered_lines": 0, "num_statements": 1, "percent_covered": 0.0, "percent_covered_display": "0", "missing_lines": 1, "excluded_lines": 0, "percent_statements_covered": 0.0, "percent_statements_covered_display": "0"}, "missing_lines": [72], "excluded_lines": [], "start_line": 66}, "DataProvider.fetch_best_players": {"executed_lines": [], "summary": {"covered_lines": 0, "num_statements": 1, "percent_covered": 0.0, "percent_covered_display": "0", "missing_lines": 1, "excluded_lines": 0, "percent_statements_covered": 0.0, "percent_statements_covered_display": "0"}, "missing_lines": [76], "excluded_lines": [], "start_line": 74}, "": {"executed_lines": [2, 4, 7, 45, 49, 53, 57, 66, 74], "summary": {"covered_lines": 9, "num_statements": 9, "percent_covered": 100.0, "percent_covered_display": "100", "missing_lines": 0, "excluded_lines": 20, "percent_statements_covered": 100.0, "percent_statements_covered_display": "100"}, "missing_lines": [], "excluded_lines": [15, 17, 18, 20, 21, 23, 24, 26, 27, 29, 30, 32, 33, 35, 36, 38, 39, 41, 42, 44], "start_line": 1}}, "classes": {"DataProvider": {"executed_lines": [], "summary": {"covered_lines": 0, "num_statements": 6, "percent_covered": 0.0, "percent_covered_display": "0", "missing_lines": 6, "excluded_lines": 10, "percent_statements_covered": 0.0, "percent_statements_covered_display": "0"}, "missing_lines": [47, 51, 55, 64, 72, 76], "excluded_lines": [16, 19, 22, 25, 28, 31, 34, 37, 40, 43], "start_line": 7}, "": {"executed_lines": [2, 4, 7, 45, 49, 53, 57, 66, 74], "summary": {"covered_lines": 9, "num_statements": 9, "percent_covered": 100.0, "percent_covered_display": "100", "missing_lines": 0, "excluded_lines": 20, "percent_statements_covered": 100.0, "percent_statements_covered_display": "100"}, "missing_lines": [], "excluded_lines": [15, 17, 18, 20, 21, 23, 24, 26, 27, 29, 30, 32, 33, 35, 36, 38, 39, 41, 42, 44], "start_line": 1}}}, "src/wc2026/data/providers/bdl.py": {"executed_lines": [12, 14, 15, 16, 17, 19, 20, 22, 23, 25, 26, 28, 29, 32, 46, 67, 74, 80, 86, 92, 98, 104, 110, 116, 122, 128, 145, 153, 169, 187, 198, 209, 241, 269, 302], "summary": {"covered_lines": 35, "num_statements": 185, "percent_covered": 18.91891891891892, "percent_covered_display": "19", "missing_lines": 150, "excluded_lines": 0, "percent_statements_covered": 18.91891891891892, "percent_statements_covered_display": "19"}, "missing_lines": [52, 53, 54, 57, 58, 59, 60, 61, 68, 69, 70, 71, 72, 75, 76, 77, 78, 81, 82, 83, 84, 87, 88, 89, 90, 93, 94, 95, 96, 99, 100, 101, 102, 105, 106, 107, 108, 111, 112, 113, 114, 117, 118, 119, 120, 123, 124, 125, 126, 136, 137, 138, 140, 141, 142, 143, 147, 148, 149, 150, 151, 161, 162, 163, 164, 165, 166, 167, 176, 177, 178, 179, 180, 181, 182, 183, 184, 185, 193, 194, 195, 196, 200, 201, 202, 203, 216, 217, 218, 219, 220, 221, 222, 224, 225, 226, 227, 228, 230, 231, 232, 233, 234, 236, 237, 238, 239, 247, 248, 249, 250, 251, 252, 254, 255, 256, 257, 258, 260, 261, 262, 263, 270, 271, 272, 274, 275, 276, 277, 278, 279, 280, 281, 282, 283, 285, 287, 288, 289, 290, 291, 293, 294, 295, 296, 297, 299, 300, 303, 304], "excluded_lines": [], "functions": {"BDLProvider.__init__": {"executed_lines": [], "summary": {"covered_lines": 0, "num_statements": 8, "percent_covered": 0.0, "percent_covered_display": "0", "missing_lines": 8, "excluded_lines": 0, "percent_statements_covered": 0.0, "percent_statements_covered_display": "0"}, "missing_lines": [52, 53, 54, 57, 58, 59, 60, 61], "excluded_lines": [], "start_line": 46}, "BDLProvider.fetch_matches": {"executed_lines": [], "summary": {"covered_lines": 0, "num_statements": 5, "percent_covered": 0.0, "percent_covered_display": "0", "missing_lines": 5, "excluded_lines": 0, "percent_statements_covered": 0.0, "percent_statements_covered_display": "0"}, "missing_lines": [68, 69, 70, 71, 72], "excluded_lines": [], "start_line": 67}, "BDLProvider.fetch_odds": {"executed_lines": [], "summary": {"covered_lines": 0, "num_statements": 4, "percent_covered": 0.0, "percent_covered_display": "0", "missing_lines": 4, "excluded_lines": 0, "percent_statements_covered": 0.0, "percent_statements_covered_display": "0"}, "missing_lines": [75, 76, 77, 78], "excluded_lines": [], "start_line": 74}, "BDLProvider.fetch_team_stats": {"executed_lines": [], "summary": {"covered_lines": 0, "num_statements": 4, "percent_covered": 0.0, "percent_covered_display": "0", "missing_lines": 4, "excluded_lines": 0, "percent_statements_covered": 0.0, "percent_statements_covered_display": "0"}, "missing_lines": [81, 82, 83, 84], "excluded_lines": [], "start_line": 80}, "BDLProvider.fetch_player_stats": {"executed_lines": [], "summary": {"covered_lines": 0, "num_statements": 4, "percent_covered": 0.0, "percent_covered_display": "0", "missing_lines": 4, "excluded_lines": 0, "percent_statements_covered": 0.0, "percent_statements_covered_display": "0"}, "missing_lines": [87, 88, 89, 90], "excluded_lines": [], "start_line": 86}, "BDLProvider.fetch_events": {"executed_lines": [], "summary": {"covered_lines": 0, "num_statements": 4, "percent_covered": 0.0, "percent_covered_display": "0", "missing_lines": 4, "excluded_lines": 0, "percent_statements_covered": 0.0, "percent_statements_covered_display": "0"}, "missing_lines": [93, 94, 95, 96], "excluded_lines": [], "start_line": 92}, "BDLProvider.fetch_shots": {"executed_lines": [], "summary": {"covered_lines": 0, "num_statements": 4, "percent_covered": 0.0, "percent_covered_display": "0", "missing_lines": 4, "excluded_lines": 0, "percent_statements_covered": 0.0, "percent_statements_covered_display": "0"}, "missing_lines": [99, 100, 101, 102], "excluded_lines": [], "start_line": 98}, "BDLProvider.fetch_lineups": {"executed_lines": [], "summary": {"covered_lines": 0, "num_statements": 4, "percent_covered": 0.0, "percent_covered_display": "0", "missing_lines": 4, "excluded_lines": 0, "percent_statements_covered": 0.0, "percent_statements_covered_display": "0"}, "missing_lines": [105, 106, 107, 108], "excluded_lines": [], "start_line": 104}, "BDLProvider.fetch_momentum": {"executed_lines": [], "summary": {"covered_lines": 0, "num_statements": 4, "percent_covered": 0.0, "percent_covered_display": "0", "missing_lines": 4, "excluded_lines": 0, "percent_statements_covered": 0.0, "percent_statements_covered_display": "0"}, "missing_lines": [111, 112, 113, 114], "excluded_lines": [], "start_line": 110}, "BDLProvider.fetch_group_standings": {"executed_lines": [], "summary": {"covered_lines": 0, "num_statements": 4, "percent_covered": 0.0, "percent_covered_display": "0", "missing_lines": 4, "excluded_lines": 0, "percent_statements_covered": 0.0, "percent_statements_covered_display": "0"}, "missing_lines": [117, 118, 119, 120], "excluded_lines": [], "start_line": 116}, "BDLProvider.fetch_team_form": {"executed_lines": [], "summary": {"covered_lines": 0, "num_statements": 4, "percent_covered": 0.0, "percent_covered_display": "0", "missing_lines": 4, "excluded_lines": 0, "percent_statements_covered": 0.0, "percent_statements_covered_display": "0"}, "missing_lines": [123, 124, 125, 126], "excluded_lines": [], "start_line": 122}, "BDLProvider.fetch_injuries": {"executed_lines": [], "summary": {"covered_lines": 0, "num_statements": 7, "percent_covered": 0.0, "percent_covered_display": "0", "missing_lines": 7, "excluded_lines": 0, "percent_statements_covered": 0.0, "percent_statements_covered_display": "0"}, "missing_lines": [136, 137, 138, 140, 141, 142, 143], "excluded_lines": [], "start_line": 128}, "BDLProvider.fetch_futures": {"executed_lines": [], "summary": {"covered_lines": 0, "num_statements": 5, "percent_covered": 0.0, "percent_covered_display": "0", "missing_lines": 5, "excluded_lines": 0, "percent_statements_covered": 0.0, "percent_statements_covered_display": "0"}, "missing_lines": [147, 148, 149, 150, 151], "excluded_lines": [], "start_line": 145}, "BDLProvider.fetch_rosters": {"executed_lines": [], "summary": {"covered_lines": 0, "num_statements": 7, "percent_covered": 0.0, "percent_covered_display": "0", "missing_lines": 7, "excluded_lines": 0, "percent_statements_covered": 0.0, "percent_statements_covered_display": "0"}, "missing_lines": [161, 162, 163, 164, 165, 166, 167], "excluded_lines": [], "start_line": 153}, "BDLProvider.fetch_player_props": {"executed_lines": [], "summary": {"covered_lines": 0, "num_statements": 10, "percent_covered": 0.0, "percent_covered_display": "0", "missing_lines": 10, "excluded_lines": 0, "percent_statements_covered": 0.0, "percent_statements_covered_display": "0"}, "missing_lines": [176, 177, 178, 179, 180, 181, 182, 183, 184, 185], "excluded_lines": [], "start_line": 169}, "BDLProvider.fetch_avg_positions": {"executed_lines": [], "summary": {"covered_lines": 0, "num_statements": 4, "percent_covered": 0.0, "percent_covered_display": "0", "missing_lines": 4, "excluded_lines": 0, "percent_statements_covered": 0.0, "percent_statements_covered_display": "0"}, "missing_lines": [193, 194, 195, 196], "excluded_lines": [], "start_line": 187}, "BDLProvider.fetch_best_players": {"executed_lines": [], "summary": {"covered_lines": 0, "num_statements": 4, "percent_covered": 0.0, "percent_covered_display": "0", "missing_lines": 4, "excluded_lines": 0, "percent_statements_covered": 0.0, "percent_statements_covered_display": "0"}, "missing_lines": [200, 201, 202, 203], "excluded_lines": [], "start_line": 198}, "BDLProvider._paginate": {"executed_lines": [], "summary": {"covered_lines": 0, "num_statements": 21, "percent_covered": 0.0, "percent_covered_display": "0", "missing_lines": 21, "excluded_lines": 0, "percent_statements_covered": 0.0, "percent_statements_covered_display": "0"}, "missing_lines": [216, 217, 218, 219, 220, 221, 222, 224, 225, 226, 227, 228, 230, 231, 232, 233, 234, 236, 237, 238, 239], "excluded_lines": [], "start_line": 209}, "BDLProvider._paginate_with_extra_params": {"executed_lines": [], "summary": {"covered_lines": 0, "num_statements": 15, "percent_covered": 0.0, "percent_covered_display": "0", "missing_lines": 15, "excluded_lines": 0, "percent_statements_covered": 0.0, "percent_statements_covered_display": "0"}, "missing_lines": [247, 248, 249, 250, 251, 252, 254, 255, 256, 257, 258, 260, 261, 262, 263], "excluded_lines": [], "start_line": 241}, "BDLProvider._get": {"executed_lines": [], "summary": {"covered_lines": 0, "num_statements": 26, "percent_covered": 0.0, "percent_covered_display": "0", "missing_lines": 26, "excluded_lines": 0, "percent_statements_covered": 0.0, "percent_statements_covered_display": "0"}, "missing_lines": [270, 271, 272, 274, 275, 276, 277, 278, 279, 280, 281, 282, 283, 285, 287, 288, 289, 290, 291, 293, 294, 295, 296, 297, 299, 300], "excluded_lines": [], "start_line": 269}, "BDLProvider._snap": {"executed_lines": [], "summary": {"covered_lines": 0, "num_statements": 2, "percent_covered": 0.0, "percent_covered_display": "0", "missing_lines": 2, "excluded_lines": 0, "percent_statements_covered": 0.0, "percent_statements_covered_display": "0"}, "missing_lines": [303, 304], "excluded_lines": [], "start_line": 302}, "": {"executed_lines": [12, 14, 15, 16, 17, 19, 20, 22, 23, 25, 26, 28, 29, 32, 46, 67, 74, 80, 86, 92, 98, 104, 110, 116, 122, 128, 145, 153, 169, 187, 198, 209, 241, 269, 302], "summary": {"covered_lines": 35, "num_statements": 35, "percent_covered": 100.0, "percent_covered_display": "100", "missing_lines": 0, "excluded_lines": 0, "percent_statements_covered": 100.0, "percent_statements_covered_display": "100"}, "missing_lines": [], "excluded_lines": [], "start_line": 1}}, "classes": {"BDLProvider": {"executed_lines": [], "summary": {"covered_lines": 0, "num_statements": 150, "percent_covered": 0.0, "percent_covered_display": "0", "missing_lines": 150, "excluded_lines": 0, "percent_statements_covered": 0.0, "percent_statements_covered_display": "0"}, "missing_lines": [52, 53, 54, 57, 58, 59, 60, 61, 68, 69, 70, 71, 72, 75, 76, 77, 78, 81, 82, 83, 84, 87, 88, 89, 90, 93, 94, 95, 96, 99, 100, 101, 102, 105, 106, 107, 108, 111, 112, 113, 114, 117, 118, 119, 120, 123, 124, 125, 126, 136, 137, 138, 140, 141, 142, 143, 147, 148, 149, 150, 151, 161, 162, 163, 164, 165, 166, 167, 176, 177, 178, 179, 180, 181, 182, 183, 184, 185, 193, 194, 195, 196, 200, 201, 202, 203, 216, 217, 218, 219, 220, 221, 222, 224, 225, 226, 227, 228, 230, 231, 232, 233, 234, 236, 237, 238, 239, 247, 248, 249, 250, 251, 252, 254, 255, 256, 257, 258, 260, 261, 262, 263, 270, 271, 272, 274, 275, 276, 277, 278, 279, 280, 281, 282, 283, 285, 287, 288, 289, 290, 291, 293, 294, 295, 296, 297, 299, 300, 303, 304], "excluded_lines": [], "start_line": 32}, "": {"executed_lines": [12, 14, 15, 16, 17, 19, 20, 22, 23, 25, 26, 28, 29, 32, 46, 67, 74, 80, 86, 92, 98, 104, 110, 116, 122, 128, 145, 153, 169, 187, 198, 209, 241, 269, 302], "summary": {"covered_lines": 35, "num_statements": 35, "percent_covered": 100.0, "percent_covered_display": "100", "missing_lines": 0, "excluded_lines": 0, "percent_statements_covered": 100.0, "percent_statements_covered_display": "100"}, "missing_lines": [], "excluded_lines": [], "start_line": 1}}}, "src/wc2026/data/providers/mock.py": {"executed_lines": [7, 9, 12, 81, 120, 141, 144, 147, 150, 153, 156, 159, 162, 165, 168, 171], "summary": {"covered_lines": 16, "num_statements": 26, "percent_covered": 61.53846153846154, "percent_covered_display": "62", "missing_lines": 10, "excluded_lines": 0, "percent_statements_covered": 61.53846153846154, "percent_statements_covered_display": "62"}, "missing_lines": [145, 148, 151, 154, 157, 160, 163, 166, 169, 172], "excluded_lines": [], "functions": {"MockProvider.fetch_matches": {"executed_lines": [], "summary": {"covered_lines": 0, "num_statements": 1, "percent_covered": 0.0, "percent_covered_display": "0", "missing_lines": 1, "excluded_lines": 0, "percent_statements_covered": 0.0, "percent_statements_covered_display": "0"}, "missing_lines": [145], "excluded_lines": [], "start_line": 144}, "MockProvider.fetch_odds": {"executed_lines": [], "summary": {"covered_lines": 0, "num_statements": 1, "percent_covered": 0.0, "percent_covered_display": "0", "missing_lines": 1, "excluded_lines": 0, "percent_statements_covered": 0.0, "percent_statements_covered_display": "0"}, "missing_lines": [148], "excluded_lines": [], "start_line": 147}, "MockProvider.fetch_team_stats": {"executed_lines": [], "summary": {"covered_lines": 0, "num_statements": 1, "percent_covered": 0.0, "percent_covered_display": "0", "missing_lines": 1, "excluded_lines": 0, "percent_statements_covered": 0.0, "percent_statements_covered_display": "0"}, "missing_lines": [151], "excluded_lines": [], "start_line": 150}, "MockProvider.fetch_player_stats": {"executed_lines": [], "summary": {"covered_lines": 0, "num_statements": 1, "percent_covered": 0.0, "percent_covered_display": "0", "missing_lines": 1, "excluded_lines": 0, "percent_statements_covered": 0.0, "percent_statements_covered_display": "0"}, "missing_lines": [154], "excluded_lines": [], "start_line": 153}, "MockProvider.fetch_events": {"executed_lines": [], "summary": {"covered_lines": 0, "num_statements": 1, "percent_covered": 0.0, "percent_covered_display": "0", "missing_lines": 1, "excluded_lines": 0, "percent_statements_covered": 0.0, "percent_statements_covered_display": "0"}, "missing_lines": [157], "excluded_lines": [], "start_line": 156}, "MockProvider.fetch_shots": {"executed_lines": [], "summary": {"covered_lines": 0, "num_statements": 1, "percent_covered": 0.0, "percent_covered_display": "0", "missing_lines": 1, "excluded_lines": 0, "percent_statements_covered": 0.0, "percent_statements_covered_display": "0"}, "missing_lines": [160], "excluded_lines": [], "start_line": 159}, "MockProvider.fetch_lineups": {"executed_lines": [], "summary": {"covered_lines": 0, "num_statements": 1, "percent_covered": 0.0, "percent_covered_display": "0", "missing_lines": 1, "excluded_lines": 0, "percent_statements_covered": 0.0, "perc
[...]
 138, 139, 141, 142, 143, 144, 145, 146, 147, 149, 152, 153, 154, 155, 156, 159, 163, 164, 165, 168, 169, 170, 172, 173, 174, 175, 176, 177, 180, 181, 183, 184, 187, 188, 189, 190, 192, 193, 194, 195, 196, 197, 198, 199, 200, 203, 204, 205, 206, 207, 208, 209, 210, 212, 220, 229], "excluded_lines": [], "start_line": 90}, "load_international_abilities": {"executed_lines": [], "summary": {"covered_lines": 0, "num_statements": 1, "percent_covered": 0.0, "percent_covered_display": "0", "missing_lines": 1, "excluded_lines": 0, "percent_statements_covered": 0.0, "percent_statements_covered_display": "0"}, "missing_lines": [238], "excluded_lines": [], "start_line": 232}, "": {"executed_lines": [], "summary": {"covered_lines": 0, "num_statements": 16, "percent_covered": 0.0, "percent_covered_display": "0", "missing_lines": 16, "excluded_lines": 0, "percent_statements_covered": 0.0, "percent_statements_covered_display": "0"}, "missing_lines": [12, 14, 15, 16, 17, 19, 20, 22, 24, 25, 27, 30, 43, 84, 90, 232], "excluded_lines": [], "start_line": 1}}, "classes": {"": {"executed_lines": [], "summary": {"covered_lines": 0, "num_statements": 117, "percent_covered": 0.0, "percent_covered_display": "0", "missing_lines": 117, "excluded_lines": 0, "percent_statements_covered": 0.0, "percent_statements_covered_display": "0"}, "missing_lines": [12, 14, 15, 16, 17, 19, 20, 22, 24, 25, 27, 30, 43, 50, 51, 52, 54, 55, 56, 57, 58, 60, 61, 62, 63, 64, 66, 68, 70, 71, 72, 73, 74, 75, 78, 80, 81, 84, 86, 87, 90, 111, 113, 114, 116, 117, 119, 120, 121, 123, 124, 126, 127, 128, 129, 130, 133, 136, 137, 138, 139, 141, 142, 143, 144, 145, 146, 147, 149, 152, 153, 154, 155, 156, 159, 163, 164, 165, 168, 169, 170, 172, 173, 174, 175, 176, 177, 180, 181, 183, 184, 187, 188, 189, 190, 192, 193, 194, 195, 196, 197, 198, 199, 200, 203, 204, 205, 206, 207, 208, 209, 210, 212, 220, 229, 232, 238], "excluded_lines": [], "start_line": 1}}}, "src/wc2026/ratings/market_ability.py": {"executed_lines": [], "summary": {"covered_lines": 0, "num_statements": 98, "percent_covered": 0.0, "percent_covered_display": "0", "missing_lines": 98, "excluded_lines": 0, "percent_statements_covered": 0.0, "percent_statements_covered_display": "0"}, "missing_lines": [12, 13, 14, 15, 16, 17, 19, 20, 21, 22, 23, 25, 26, 27, 28, 29, 32, 33, 34, 35, 36, 37, 38, 39, 40, 41, 42, 43, 44, 47, 49, 50, 51, 52, 53, 56, 67, 68, 71, 72, 73, 74, 79, 81, 82, 83, 84, 85, 87, 88, 90, 91, 96, 97, 99, 100, 101, 102, 104, 105, 106, 107, 108, 109, 110, 111, 112, 113, 115, 116, 117, 118, 119, 120, 122, 124, 139, 149, 150, 151, 152, 153, 154, 155, 156, 157, 159, 160, 161, 162, 163, 164, 165, 166, 167, 168, 169, 170], "excluded_lines": [], "functions": {"_devig_1x2": {"executed_lines": [], "summary": {"covered_lines": 0, "num_statements": 5, "percent_covered": 0.0, "percent_covered_display": "0", "missing_lines": 5, "excluded_lines": 0, "percent_statements_covered": 0.0, "percent_statements_covered_display": "0"}, "missing_lines": [49, 50, 51, 52, 53], "excluded_lines": [], "start_line": 47}, "compute_match_market_egm": {"executed_lines": [], "summary": {"covered_lines": 0, "num_statements": 40, "percent_covered": 0.0, "percent_covered_display": "0", "missing_lines": 40, "excluded_lines": 0, "percent_statements_covered": 0.0, "percent_statements_covered_display": "0"}, "missing_lines": [67, 68, 71, 72, 73, 74, 79, 81, 82, 83, 84, 85, 87, 88, 90, 91, 96, 97, 99, 100, 101, 102, 104, 105, 106, 107, 108, 109, 110, 111, 112, 113, 115, 116, 117, 118, 119, 120, 122, 124], "excluded_lines": [], "start_line": 56}, "compute_team_market_ability": {"executed_lines": [], "summary": {"covered_lines": 0, "num_statements": 21, "percent_covered": 0.0, "percent_covered_display": "0", "missing_lines": 21, "excluded_lines": 0, "percent_statements_covered": 0.0, "percent_statements_covered_display": "0"}, "missing_lines": [149, 150, 151, 152, 153, 154, 155, 156, 157, 159, 160, 161, 162, 163, 164, 165, 166, 167, 168, 169, 170], "excluded_lines": [], "start_line": 139}, "": {"executed_lines": [], "summary": {"covered_lines": 0, "num_statements": 32, "percent_covered": 0.0, "percent_covered_display": "0", "missing_lines": 32, "excluded_lines": 0, "percent_statements_covered": 0.0, "percent_statements_covered_display": "0"}, "missing_lines": [12, 13, 14, 15, 16, 17, 19, 20, 21, 22, 23, 25, 26, 27, 28, 29, 32, 33, 34, 35, 36, 37, 38, 39, 40, 41, 42, 43, 44, 47, 56, 139], "excluded_lines": [], "start_line": 1}}, "classes": {"MatchMarketEGM": {"executed_lines": [], "summary": {"covered_lines": 0, "num_statements": 0, "percent_covered": 100.0, "percent_covered_display": "100", "missing_lines": 0, "excluded_lines": 0, "percent_statements_covered": 100.0, "percent_statements_covered_display": "100"}, "missing_lines": [], "excluded_lines": [], "start_line": 33}, "": {"executed_lines": [], "summary": {"covered_lines": 0, "num_statements": 98, "percent_covered": 0.0, "percent_covered_display": "0", "missing_lines": 98, "excluded_lines": 0, "percent_statements_covered": 0.0, "percent_statements_covered_display": "0"}, "missing_lines": [12, 13, 14, 15, 16, 17, 19, 20, 21, 22, 23, 25, 26, 27, 28, 29, 32, 33, 34, 35, 36, 37, 38, 39, 40, 41, 42, 43, 44, 47, 49, 50, 51, 52, 53, 56, 67, 68, 71, 72, 73, 74, 79, 81, 82, 83, 84, 85, 87, 88, 90, 91, 96, 97, 99, 100, 101, 102, 104, 105, 106, 107, 108, 109, 110, 111, 112, 113, 115, 116, 117, 118, 119, 120, 122, 124, 139, 149, 150, 151, 152, 153, 154, 155, 156, 157, 159, 160, 161, 162, 163, 164, 165, 166, 167, 168, 169, 170], "excluded_lines": [], "start_line": 1}}}, "src/wc2026/ratings/pi_margin.py": {"executed_lines": [], "summary": {"covered_lines": 0, "num_statements": 58, "percent_covered": 0.0, "percent_covered_display": "0", "missing_lines": 58, "excluded_lines": 0, "percent_statements_covered": 0.0, "percent_statements_covered_display": "0"}, "missing_lines": [7, 8, 9, 10, 11, 12, 14, 15, 16, 17, 18, 21, 22, 23, 24, 25, 26, 27, 30, 42, 43, 44, 45, 46, 47, 48, 49, 50, 51, 52, 57, 60, 69, 70, 71, 72, 73, 74, 75, 76, 77, 78, 79, 80, 81, 82, 83, 84, 85, 86, 87, 88, 89, 98, 105, 106, 107, 108], "excluded_lines": [], "functions": {"fit_pi_ratings": {"executed_lines": [], "summary": {"covered_lines": 0, "num_statements": 12, "percent_covered": 0.0, "percent_covered_display": "0", "missing_lines": 12, "excluded_lines": 0, "percent_statements_covered": 0.0, "percent_statements_covered_display": "0"}, "missing_lines": [42, 43, 44, 45, 46, 47, 48, 49, 50, 51, 52, 57], "excluded_lines": [], "start_line": 30}, "calibrate_pi_to_egm": {"executed_lines": [], "summary": {"covered_lines": 0, "num_statements": 21, "percent_covered": 0.0, "percent_covered_display": "0", "missing_lines": 21, "excluded_lines": 0, "percent_statements_covered": 0.0, "percent_statements_covered_display": "0"}, "missing_lines": [69, 70, 71, 72, 73, 74, 75, 76, 77, 78, 79, 80, 81, 82, 83, 84, 85, 86, 87, 88, 89], "excluded_lines": [], "start_line": 60}, "team_pi_egm": {"executed_lines": [], "summary": {"covered_lines": 0, "num_statements": 4, "percent_covered": 0.0, "percent_covered_display": "0", "missing_lines": 4, "excluded_lines": 0, "percent_statements_covered": 0.0, "percent_statements_covered_display": "0"}, "missing_lines": [105, 106, 107, 108], "excluded_lines": [], "start_line": 98}, "": {"executed_lines": [], "summary": {"covered_lines": 0, "num_statements": 21, "percent_covered": 0.0, "percent_covered_display": "0", "missing_lines": 21, "excluded_lines": 0, "percent_statements_covered": 0.0, "percent_statements_covered_display": "0"}, "missing_lines": [7, 8, 9, 10, 11, 12, 14, 15, 16, 17, 18, 21, 22, 23, 24, 25, 26, 27, 30, 60, 98], "excluded_lines": [], "start_line": 1}}, "classes": {"PiCalibration": {"executed_lines": [], "summary": {"covered_lines": 0, "num_statements": 0, "percent_covered": 100.0, "percent_covered_display": "100", "missing_lines": 0, "excluded_lines": 0, "percent_statements_covered": 100.0, "percent_statements_covered_display": "100"}, "missing_lines": [], "excluded_lines": [], "start_line": 22}, "": {"executed_lines": [], "summary": {"covered_lines": 0, "num_statements": 58, "percent_covered": 0.0, "percent_covered_display": "0", "missing_lines": 58, "excluded_lines": 0, "percent_statements_covered": 0.0, "percent_statements_covered_display": "0"}, "missing_lines": [7, 8, 9, 10, 11, 12, 14, 15, 16, 17, 18, 21, 22, 23, 24, 25, 26, 27, 30, 42, 43, 44, 45, 46, 47, 48, 49, 50, 51, 52, 57, 60, 69, 70, 71, 72, 73, 74, 75, 76, 77, 78, 79, 80, 81, 82, 83, 84, 85, 86, 87, 88, 89, 98, 105, 106, 107, 108], "excluded_lines": [], "start_line": 1}}}, "src/wc2026/ratings/rating_components.py": {"executed_lines": [], "summary": {"covered_lines": 0, "num_statements": 81, "percent_covered": 0.0, "percent_covered_display": "0", "missing_lines": 81, "excluded_lines": 0, "percent_statements_covered": 0.0, "percent_statements_covered_display": "0"}, "missing_lines": [5, 6, 7, 8, 9, 10, 12, 17, 18, 19, 20, 21, 24, 25, 27, 28, 29, 30, 31, 32, 33, 34, 35, 38, 40, 41, 42, 43, 44, 45, 46, 49, 55, 56, 57, 58, 59, 60, 61, 62, 64, 68, 69, 70, 73, 74, 77, 78, 79, 80, 81, 82, 84, 85, 86, 87, 88, 89, 91, 92, 93, 94, 95, 99, 100, 101, 104, 105, 107, 109, 110, 111, 112, 114, 115, 116, 117, 118, 119, 120, 121], "excluded_lines": [], "functions": {"_ols_calibrate": {"executed_lines": [], "summary": {"covered_lines": 0, "num_statements": 7, "percent_covered": 0.0, "percent_covered_display": "0", "missing_lines": 7, "excluded_lines": 0, "percent_statements_covered": 0.0, "percent_statements_covered_display": "0"}, "missing_lines": [40, 41, 42, 43, 44, 45, 46], "excluded_lines": [], "start_line": 38}, "RatingComponentFitter.__init__": {"executed_lines": [], "summary": {"covered_lines": 0, "num_statements": 7, "percent_covered": 0.0, "percent_covered_display": "0", "missing_lines": 7, "excluded_lines": 0, "percent_statements_covered": 0.0, "percent_statements_covered_display": "0"}, "missing_lines": [56, 57, 58, 59, 60, 61, 62], "excluded_lines": [], "start_line": 55}, "RatingComponentFitter.fit": {"executed_lines": [], "summary": {"covered_lines": 0, "num_statements": 28, "percent_covered": 0.0, "percent_covered_display": "0", "missing_lines": 28, "excluded_lines": 0, "percent_statements_covered": 0.0, "percent_statements_covered_display": "0"}, "missing_lines": [68, 69, 70, 73, 74, 77, 78, 79, 80, 81, 82, 84, 85, 86, 87, 88, 89, 91, 92, 93, 94, 95, 99, 100, 101, 104, 105, 107], "excluded_lines": [], "start_line": 64}, "RatingComponentFitter.pi_egm": {"executed_lines": [], "summary": {"covered_lines": 0, "num_statements": 3, "percent_covered": 0.0, "percent_covered_display": "0", "missing_lines": 3, "excluded_lines": 0, "percent_statements_covered": 0.0, "percent_statements_covered_display": "0"}, "missing_lines": [110, 111, 112], "excluded_lines": [], "start_line": 109}, "RatingComponentFitter.elo_egm": {"executed_lines": [], "summary": {"covered_lines": 0, "num_statements": 7, "percent_covered": 0.0, "percent_covered_display": "0", "missing_lines": 7, "excluded_lines": 0, "percent_statements_covered": 0.0, "percent_statements_covered_display": "0"}, "missing_lines": [115, 116, 117, 118, 119, 120, 121], "excluded_lines": [], "start_line": 114}, "": {"executed_lines": [], "summary": {"covered_lines": 0, "num_statements": 29, "percent_covered": 0.0, "percent_covered_display": "0", "missing_lines": 29, "excluded_lines": 0, "percent_statements_covered": 0.0, "percent_statements_covered_display": "0"}, "missing_lines": [5, 6, 7, 8, 9, 10, 12, 17, 18, 19, 20, 21, 24, 25, 27, 28, 29, 30, 31, 32, 33, 34, 35, 38, 49, 55, 64, 109, 114], "excluded_lines": [], "start_line": 1}}, "classes": {"ComponentEGM": {"executed_lines": [], "summary": {"covered_lines": 0, "num_statements": 0, "percent_covered": 100.0, "percent_covered_display": "100", "missing_lines": 0, "excluded_lines": 0, "percent_statements_covered": 100.0, "percent_statements_covered_display": "100"}, "missing_lines": [], "excluded_lines": [], "start_line": 25}, "RatingComponentFitter": {"executed_lines": [], "summary": {"covered_lines": 0, "num_statements": 45, "percent_covered": 0.0, "percent_covered_display": "0", "missing_lines": 45, "excluded_lines": 0, "percent_statements_covered": 0.0, "percent_statements_covered_display": "0"}, "missing_lines": [56, 57, 58, 59, 60, 61, 62, 68, 69, 70, 73, 74, 77, 78, 79, 80, 81, 82, 84, 85, 86, 87, 88, 89, 91, 92, 93, 94, 95, 99, 100, 101, 104, 105, 107, 110, 111, 112, 115, 116, 117, 118, 119, 120, 121], "excluded_lines": [], "start_line": 49}, "": {"executed_lines": [], "summary": {"covered_lines": 0, "num_statements": 36, "percent_covered": 0.0, "percent_covered_display": "0", "missing_lines": 36, "excluded_lines": 0, "percent_statements_covered": 0.0, "percent_statements_covered_display": "0"}, "missing_lines": [5, 6, 7, 8, 9, 10, 12, 17, 18, 19, 20, 21, 24, 25, 27, 28, 29, 30, 31, 32, 33, 34, 35, 38, 40, 41, 42, 43, 44, 45, 46, 49, 55, 64, 109, 114], "excluded_lines": [], "start_line": 1}}}, "src/wc2026/ratings/team_margin.py": {"executed_lines": [10, 11, 12, 13, 16, 17, 18, 19, 20, 21, 24, 25, 26, 29, 30, 33, 34, 35, 36, 37, 38, 39, 40, 41, 42, 43, 44, 47, 48, 49, 50, 51, 53, 54, 83, 84, 90, 91, 92, 93], "summary": {"covered_lines": 40, "num_statements": 40, "percent_covered": 100.0, "percent_covered_display": "100", "missing_lines": 0, "excluded_lines": 0, "percent_statements_covered": 100.0, "percent_statements_covered_display": "100"}, "missing_lines": [], "excluded_lines": [], "functions": {"TeamMarginRating.to_dict": {"executed_lines": [54], "summary": {"covered_lines": 1, "num_statements": 1, "percent_covered": 100.0, "percent_covered_display": "100", "missing_lines": 0, "excluded_lines": 0, "percent_statements_covered": 100.0, "percent_statements_covered_display": "100"}, "missing_lines": [], "excluded_lines": [], "start_line": 53}, "TeamMarginRating.stub": {"executed_lines": [90, 91, 92, 93], "summary": {"covered_lines": 4, "num_statements": 4, "percent_covered": 100.0, "percent_covered_display": "100", "missing_lines": 0, "excluded_lines": 0, "percent_statements_covered": 100.0, "percent_statements_covered_display": "100"}, "missing_lines": [], "excluded_lines": [], "start_line": 84}, "": {"executed_lines": [10, 11, 12, 13, 16, 17, 18, 19, 20, 21, 24, 25, 26, 29, 30, 33, 34, 35, 36, 37, 38, 39, 40, 41, 42, 43, 44, 47, 48, 49, 50, 51, 53, 83, 84], "summary": {"covered_lines": 35, "num_statements": 35, "percent_covered": 100.0, "percent_covered_display": "100", "missing_lines": 0, "excluded_lines": 0, "percent_statements_covered": 100.0, "percent_statements_covered_display": "100"}, "missing_lines": [], "excluded_lines": [], "start_line": 1}}, "classes": {"TeamMarginRating": {"executed_lines": [54, 90, 91, 92, 93], "summary": {"covered_lines": 5, "num_statements": 5, "percent_covered": 100.0, "percent_covered_display": "100", "missing_lines": 0, "excluded_lines": 0, "percent_statements_covered": 100.0, "percent_statements_covered_display": "100"}, "missing_lines": [], "excluded_lines": [], "start_line": 17}, "": {"executed_lines": [10, 11, 12, 13, 16, 17, 18, 19, 20, 21, 24, 25, 26, 29, 30, 33, 34, 35, 36, 37, 38, 39, 40, 41, 42, 43, 44, 47, 48, 49, 50, 51, 53, 83, 84], "summary": {"covered_lines": 35, "num_statements": 35, "percent_covered": 100.0, "percent_covered_display": "100", "missing_lines": 0, "excluded_lines": 0, "percent_statements_covered": 100.0, "percent_statements_covered_display": "100"}, "missing_lines": [], "excluded_lines": [], "start_line": 1}}}, "src/wc2026/tournament/__init__.py": {"executed_lines": [], "summary": {"covered_lines": 0, "num_statements": 0, "percent_covered": 100.0, "percent_covered_display": "100", "missing_lines": 0, "excluded_lines": 0, "percent_statements_covered": 100.0, "percent_statements_covered_display": "100"}, "missing_lines": [], "excluded_lines": [], "functions": {"": {"executed_lines": [], "summary": {"covered_lines": 0, "num_statements": 0, "percent_covered": 100.0, "percent_covered_display": "100", "missing_lines": 0, "excluded_lines": 0, "percent_statements_covered": 100.0, "percent_statements_covered_display": "100"}, "missing_lines": [], "excluded_lines": [], "start_line": 1}}, "classes": {"": {"executed_lines": [], "summary": {"covered_lines": 0, "num_statements": 0, "percent_covered": 100.0, "percent_covered_display": "100", "missing_lines": 0, "excluded_lines": 0, "percent_statements_covered": 100.0, "percent_statements_covered_display": "100"}, "missing_lines": [], "excluded_lines": [], "start_line": 1}}}, "src/wc2026/tournament/group_incentives.py": {"executed_lines": [2, 3, 4, 5, 7, 8, 10, 12, 13, 14, 17, 18, 19, 20, 21, 22, 23, 24, 25, 26, 27, 28, 29, 30, 33, 40, 41, 42, 44, 46, 47, 50, 51, 52, 53, 56, 57, 58, 59, 62, 63, 64, 65, 66, 74, 80, 83, 95, 96, 100, 103, 104, 105, 106, 107, 110, 111, 117, 120, 121, 122, 123, 124], "summary": {"covered_lines": 63, "num_statements": 82, "percent_covered": 76.82926829268293, "percent_covered_display": "77", "missing_lines": 19, "excluded_lines": 0, "percent_statements_covered": 76.82926829268293, "percent_statements_covered_display": "77"}, "missing_lines": [48, 67, 68, 69, 70, 71, 75, 77, 78, 97, 98, 112, 113, 114, 115, 118, 125, 126, 127], "excluded_lines": [], "functions": {"compute_group_incentives": {"executed_lines": [40, 41, 42, 44, 46, 47, 50, 51, 52, 53, 56, 57, 58, 59, 62, 63, 64, 65, 66, 74, 80], "summary": {"covered_lines": 21, "num_statements": 30, "percent_covered": 70.0, "percent_covered_display": "70", "missing_lines": 9, "excluded_lines": 0, "percent_statements_covered": 70.0, "percent_statements_covered_display": "70"}, "missing_lines": [48, 67, 68, 69, 70, 71, 75, 77, 78], "excluded_lines": [], "start_line": 33}, "adjust_pmf_for_group_incentives": {"executed_lines": [95, 96, 100, 103, 104, 105, 106, 107, 110, 111, 117, 120, 121, 122, 123, 124], "summary": {"covered_lines": 16, "num_statements": 26, "percent_covered": 61.53846153846154, "percent_covered_display": "62", "missing_lines": 10, "excluded_lines": 0, "percent_statements_covered": 61.53846153846154, "percent_statements_covered_display": "62"}, "missing_lines": [97, 98, 112, 113, 114, 115, 118, 125, 126, 127], "excluded_lines": [], "start_line": 83}, "": {"executed_lines": [2, 3, 4, 5, 7, 8, 10, 12, 13, 14, 17, 18, 19, 20, 21, 22, 23, 24, 25, 26, 27, 28, 29, 30, 33, 83], "summary": {"covered_lines": 26, "num_statements": 26, "percent_covered": 100.0, "percent_covered_display": "100", "missing_lines": 0, "excluded_lines": 0, "percent_statements_covered": 100.0, "percent_statements_covered_display": "100"}, "missing_lines": [], "excluded_lines": [], "start_line": 1}}, "classes": {"GroupIncentiveState": {"executed_lines": [], "summary": {"covered_lines": 0, "num_statements": 0, "percent_covered": 100.0, "percent_covered_display": "100", "missing_lines": 0, "excluded_lines": 0, "percent_statements_covered": 100.0, "percent_statements_covered_display": "100"}, "missing_lines": [], "excluded_lines": [], "start_line": 18}, "": {"executed_lines": [2, 3, 4, 5, 7, 8, 10, 12, 13, 14, 17, 18, 19, 20, 21, 22, 23, 24, 25, 26, 27, 28, 29, 30, 33, 40, 41, 42, 44, 46, 47, 50, 51, 52, 53, 56, 57, 58, 59, 62, 63, 64, 65, 66, 74, 80, 83, 95, 96, 100, 103, 104, 105, 106, 107, 110, 111, 117, 120, 121, 122, 123, 124], "summary": {"covered_lines": 63, "num_statements": 82, "percent_covered": 76.82926829268293, "percent_covered_display": "77", "missing_lines": 19, "excluded_lines": 0, "percent_statements_covered": 76.82926829268293, "percent_statements_covered_display": "77"}, "missing_lines": [48, 67, 68, 69, 70, 71, 75, 77, 78, 97, 98, 112, 113, 114, 115, 118, 125, 126, 127], "excluded_lines": [], "start_line": 1}}}}, "totals": {"covered_lines": 3782, "num_statements": 9108, "percent_covered": 41.52393500219587, "percent_covered_display": "42", "missing_lines": 5326, "excluded_lines": 39, "percent_statements_covered": 41.52393500219587, "percent_statements_covered_display": "42"}}